[0.085s] Invoking command in '/home/aidan/ros_ws/build/ana': CMAKE_PREFIX_PATH=${CMAKE_PREFIX_PATH}:/opt/ros/humble /usr/bin/cmake --build /home/aidan/ros_ws/build/ana -- -j6 -l6
[0.292s] [100%] Built target pid_node
[0.319s] Invoked command in '/home/aidan/ros_ws/build/ana' returned '0': CMAKE_PREFIX_PATH=${CMAKE_PREFIX_PATH}:/opt/ros/humble /usr/bin/cmake --build /home/aidan/ros_ws/build/ana -- -j6 -l6
[0.390s] Invoking command in '/home/aidan/ros_ws/build/ana': CMAKE_PREFIX_PATH=${CMAKE_PREFIX_PATH}:/opt/ros/humble /usr/bin/cmake --install /home/aidan/ros_ws/build/ana
[0.409s] -- Install configuration: ""
[0.410s] -- Up-to-date: /home/aidan/ros_ws/install/ana/lib/ana/pid_node
[0.410s] -- Up-to-date: /home/aidan/ros_ws/install/ana/share/ana/config
[0.411s] -- Up-to-date: /home/aidan/ros_ws/install/ana/share/ana/config/simulation_depth.rviz
[0.412s] -- Up-to-date: /home/aidan/ros_ws/install/ana/share/ana/config/gazebo_params.yaml
[0.413s] -- Up-to-date: /home/aidan/ros_ws/install/ana/share/ana/config/my_controllers.yaml
[0.413s] -- Up-to-date: /home/aidan/ros_ws/install/ana/share/ana/config/ana.rviz
[0.413s] -- Up-to-date: /home/aidan/ros_ws/install/ana/share/ana/config/diff_drive_bot.rviz
[0.413s] -- Up-to-date: /home/aidan/ros_ws/install/ana/share/ana/description
[0.413s] -- Up-to-date: /home/aidan/ros_ws/install/ana/share/ana/description/inertial_macros.xacro
[0.414s] -- Up-to-date: /home/aidan/ros_ws/install/ana/share/ana/description/depth_camera.sdf
[0.414s] -- Up-to-date: /home/aidan/ros_ws/install/ana/share/ana/description/robot_core.urdf
[0.414s] -- Up-to-date: /home/aidan/ros_ws/install/ana/share/ana/description/gazebo_diff_control.xacro
[0.415s] -- Up-to-date: /home/aidan/ros_ws/install/ana/share/ana/description/camera.xacro
[0.415s] -- Up-to-date: /home/aidan/ros_ws/install/ana/share/ana/description/depth_camera.urdf
[0.415s] -- Up-to-date: /home/aidan/ros_ws/install/ana/share/ana/description/depth_camera.xacro
[0.415s] -- Up-to-date: /home/aidan/ros_ws/install/ana/share/ana/description/robot_core.xacro
[0.415s] -- Up-to-date: /home/aidan/ros_ws/install/ana/share/ana/description/robot.urdf.xacro
[0.415s] -- Up-to-date: /home/aidan/ros_ws/install/ana/share/ana/description/robot_core.sdf
[0.416s] -- Up-to-date: /home/aidan/ros_ws/install/ana/share/ana/description/ros2_diff_control.xacro
[0.416s] -- Up-to-date: /home/aidan/ros_ws/install/ana/share/ana/launch
[0.416s] -- Up-to-date: /home/aidan/ros_ws/install/ana/share/ana/launch/launch_sim.launch.py
[0.417s] -- Up-to-date: /home/aidan/ros_ws/install/ana/share/ana/launch/gz_sim_empty.launch.py
[0.417s] -- Up-to-date: /home/aidan/ros_ws/install/ana/share/ana/launch/rsp.launch.py
[0.417s] -- Up-to-date: /home/aidan/ros_ws/install/ana/share/ana/meshes
[0.419s] -- Up-to-date: /home/aidan/ros_ws/install/ana/share/ana/meshes/ana_chassis.stl
[0.420s] -- Up-to-date: /home/aidan/ros_ws/install/ana/share/ana/meshes/d435i.stl
[0.421s] -- Up-to-date: /home/aidan/ros_ws/install/ana/share/ana/worlds
[0.421s] -- Up-to-date: /home/aidan/ros_ws/install/ana/share/ana/worlds/empty.sdf
[0.421s] -- Up-to-date: /home/aidan/ros_ws/install/ana/share/ana/worlds/default_world.sdf
[0.422s] -- Up-to-date: /home/aidan/ros_ws/install/ana/share/ana/worlds/obstacles.world
[0.423s] -- Up-to-date: /home/aidan/ros_ws/install/ana/share/ament_index/resource_index/package_run_dependencies/ana
[0.423s] -- Up-to-date: /home/aidan/ros_ws/install/ana/share/ament_index/resource_index/parent_prefix_path/ana
[0.423s] -- Up-to-date: /home/aidan/ros_ws/install/ana/share/ana/environment/ament_prefix_path.sh
[0.424s] -- Up-to-date: /home/aidan/ros_ws/install/ana/share/ana/environment/ament_prefix_path.dsv
[0.424s] -- Up-to-date: /home/aidan/ros_ws/install/ana/share/ana/environment/path.sh
[0.425s] -- Up-to-date: /home/aidan/ros_ws/install/ana/share/ana/environment/path.dsv
[0.426s] -- Up-to-date: /home/aidan/ros_ws/install/ana/share/ana/local_setup.bash
[0.426s] -- Up-to-date: /home/aidan/ros_ws/install/ana/share/ana/local_setup.sh
[0.427s] -- Up-to-date: /home/aidan/ros_ws/install/ana/share/ana/local_setup.zsh
[0.428s] -- Up-to-date: /home/aidan/ros_ws/install/ana/share/ana/local_setup.dsv
[0.429s] -- Installing: /home/aidan/ros_ws/install/ana/share/ana/package.dsv
[0.430s] -- Up-to-date: /home/aidan/ros_ws/install/ana/share/ament_index/resource_index/packages/ana
[0.430s] -- Up-to-date: /home/aidan/ros_ws/install/ana/share/ana/cmake/anaConfig.cmake
[0.430s] -- Up-to-date: /home/aidan/ros_ws/install/ana/share/ana/cmake/anaConfig-version.cmake
[0.431s] -- Up-to-date: /home/aidan/ros_ws/install/ana/share/ana/package.xml
[0.440s] Invoked command in '/home/aidan/ros_ws/build/ana' returned '0': CMAKE_PREFIX_PATH=${CMAKE_PREFIX_PATH}:/opt/ros/humble /usr/bin/cmake --install /home/aidan/ros_ws/build/ana
