-- The C compiler identification is GNU 11.4.0
-- The CXX compiler identification is GNU 11.4.0
-- Detecting C compiler ABI info
-- Detecting C compiler ABI info - done
-- Check for working C compiler: /usr/bin/cc - skipped
-- Detecting C compile features
-- Detecting C compile features - done
-- Detecting CXX compiler ABI info
-- Detecting CXX compiler ABI info - done
-- Check for working CXX compiler: /usr/bin/c++ - skipped
-- Detecting CXX compile features
-- Detecting CXX compile features - done
-- Found ament_cmake: 1.3.8 (/opt/ros/humble/share/ament_cmake/cmake)
-- Found Python3: /usr/bin/python3 (found version "3.10.12") found components: Interpreter 
-- Found rclcpp: 16.0.8 (/opt/ros/humble/share/rclcpp/cmake)
-- Found rosidl_generator_c: 3.1.5 (/opt/ros/humble/share/rosidl_generator_c/cmake)
-- Found rosidl_adapter: 3.1.5 (/opt/ros/humble/share/rosidl_adapter/cmake)
-- Found rosidl_generator_cpp: 3.1.5 (/opt/ros/humble/share/rosidl_generator_cpp/cmake)
-- Using all available rosidl_typesupport_c: rosidl_typesupport_fastrtps_c;rosidl_typesupport_introspection_c
-- Using all available rosidl_typesupport_cpp: rosidl_typesupport_fastrtps_cpp;rosidl_typesupport_introspection_cpp
-- Found rmw_implementation_cmake: 6.1.1 (/opt/ros/humble/share/rmw_implementation_cmake/cmake)
-- Found rmw_fastrtps_cpp: 6.2.6 (/opt/ros/humble/share/rmw_fastrtps_cpp/cmake)
-- Found OpenSSL: /usr/lib/aarch64-linux-gnu/libcrypto.so (found version "3.0.2")  
-- Found FastRTPS: /opt/ros/humble/include  
-- Using RMW implementation 'rmw_fastrtps_cpp' as default
-- Looking for pthread.h
-- Looking for pthread.h - found
-- Performing Test CMAKE_HAVE_LIBC_PTHREAD
-- Performing Test CMAKE_HAVE_LIBC_PTHREAD - Success
-- Found Threads: TRUE  
-- Found ament_lint_auto: 0.12.10 (/opt/ros/humble/share/ament_lint_auto/cmake)
-- Added test 'copyright' to check source files copyright and LICENSE
-- Added test 'cppcheck' to perform static code analysis on C / C++ code
-- Configured cppcheck include dirs: 
-- Configured cppcheck exclude dirs and/or files: 
-- Added test 'cpplint' to check C / C++ code against the Google style
-- Configured cpplint exclude dirs and/or files: 
-- Added test 'flake8' to check Python code syntax and style conventions
-- Added test 'lint_cmake' to check CMake code style
-- Added test 'pep257' to check Python code against some of the docstring style conventions in PEP 257
-- Added test 'uncrustify' to check C / C++ code style
-- Configured uncrustify additional arguments: 
-- Added test 'xmllint' to check XML markup files
-- Configuring done
-- Generating done
-- Build files have been written to: /home/aidan/ros_ws/build/ana
[ 50%] [32mBuilding CXX object CMakeFiles/pid_node.dir/src/PID.cpp.o[0m
[100%] [32m[1mLinking CXX executable pid_node[0m
[100%] Built target pid_node
-- Install configuration: ""
-- Installing: /home/aidan/ros_ws/install/ana/lib/ana/pid_node
-- Set runtime path of "/home/aidan/ros_ws/install/ana/lib/ana/pid_node" to ""
-- Installing: /home/aidan/ros_ws/install/ana/share/ana/config
-- Installing: /home/aidan/ros_ws/install/ana/share/ana/config/simulation_depth.rviz
-- Installing: /home/aidan/ros_ws/install/ana/share/ana/config/gazebo_params.yaml
-- Installing: /home/aidan/ros_ws/install/ana/share/ana/config/my_controllers.yaml
-- Installing: /home/aidan/ros_ws/install/ana/share/ana/config/ana.rviz
-- Installing: /home/aidan/ros_ws/install/ana/share/ana/config/diff_drive_bot.rviz
-- Installing: /home/aidan/ros_ws/install/ana/share/ana/description
-- Installing: /home/aidan/ros_ws/install/ana/share/ana/description/inertial_macros.xacro
-- Installing: /home/aidan/ros_ws/install/ana/share/ana/description/depth_camera.sdf
-- Installing: /home/aidan/ros_ws/install/ana/share/ana/description/robot_core.urdf
-- Installing: /home/aidan/ros_ws/install/ana/share/ana/description/gazebo_diff_control.xacro
-- Installing: /home/aidan/ros_ws/install/ana/share/ana/description/camera.xacro
-- Installing: /home/aidan/ros_ws/install/ana/share/ana/description/depth_camera.urdf
-- Installing: /home/aidan/ros_ws/install/ana/share/ana/description/depth_camera.xacro
-- Installing: /home/aidan/ros_ws/install/ana/share/ana/description/robot_core.xacro
-- Installing: /home/aidan/ros_ws/install/ana/share/ana/description/robot.urdf.xacro
-- Installing: /home/aidan/ros_ws/install/ana/share/ana/description/robot_core.sdf
-- Installing: /home/aidan/ros_ws/install/ana/share/ana/description/ros2_diff_control.xacro
-- Installing: /home/aidan/ros_ws/install/ana/share/ana/launch
-- Installing: /home/aidan/ros_ws/install/ana/share/ana/launch/launch_sim.launch.py
-- Installing: /home/aidan/ros_ws/install/ana/share/ana/launch/gz_sim_empty.launch.py
-- Installing: /home/aidan/ros_ws/install/ana/share/ana/launch/rsp.launch.py
-- Installing: /home/aidan/ros_ws/install/ana/share/ana/meshes
-- Installing: /home/aidan/ros_ws/install/ana/share/ana/meshes/ana_chassis.stl
-- Installing: /home/aidan/ros_ws/install/ana/share/ana/meshes/d435i.stl
-- Installing: /home/aidan/ros_ws/install/ana/share/ana/worlds
-- Installing: /home/aidan/ros_ws/install/ana/share/ana/worlds/empty.sdf
-- Installing: /home/aidan/ros_ws/install/ana/share/ana/worlds/default_world.sdf
-- Installing: /home/aidan/ros_ws/install/ana/share/ana/worlds/obstacles.world
-- Installing: /home/aidan/ros_ws/install/ana/share/ament_index/resource_index/package_run_dependencies/ana
-- Installing: /home/aidan/ros_ws/install/ana/share/ament_index/resource_index/parent_prefix_path/ana
-- Installing: /home/aidan/ros_ws/install/ana/share/ana/environment/ament_prefix_path.sh
-- Installing: /home/aidan/ros_ws/install/ana/share/ana/environment/ament_prefix_path.dsv
-- Installing: /home/aidan/ros_ws/install/ana/share/ana/environment/path.sh
-- Installing: /home/aidan/ros_ws/install/ana/share/ana/environment/path.dsv
-- Installing: /home/aidan/ros_ws/install/ana/share/ana/local_setup.bash
-- Installing: /home/aidan/ros_ws/install/ana/share/ana/local_setup.sh
-- Installing: /home/aidan/ros_ws/install/ana/share/ana/local_setup.zsh
-- Installing: /home/aidan/ros_ws/install/ana/share/ana/local_setup.dsv
-- Installing: /home/aidan/ros_ws/install/ana/share/ana/package.dsv
-- Installing: /home/aidan/ros_ws/install/ana/share/ament_index/resource_index/packages/ana
-- Installing: /home/aidan/ros_ws/install/ana/share/ana/cmake/anaConfig.cmake
-- Installing: /home/aidan/ros_ws/install/ana/share/ana/cmake/anaConfig-version.cmake
-- Installing: /home/aidan/ros_ws/install/ana/share/ana/package.xml
