[0.054s] Invoking command in '/home/aidan/ros_ws/build/ana_1_1': CMAKE_PREFIX_PATH=${CMAKE_PREFIX_PATH}:/opt/ros/humble /usr/bin/cmake /home/aidan/ros_ws/src/ana_1_1 -DCMAKE_INSTALL_PREFIX=/home/aidan/ros_ws/install/ana_1_1
[0.179s] -- The C compiler identification is GNU 11.4.0
[0.281s] -- The CXX compiler identification is GNU 11.4.0
[0.300s] -- Detecting C compiler ABI info
[0.447s] -- Detecting C compiler ABI info - done
[0.463s] -- Check for working C compiler: /usr/bin/cc - skipped
[0.464s] -- Detecting C compile features
[0.464s] -- Detecting C compile features - done
[0.471s] -- Detecting CXX compiler ABI info
[0.629s] -- Detecting CXX compiler ABI info - done
[0.643s] -- Check for working CXX compiler: /usr/bin/c++ - skipped
[0.643s] -- Detecting CXX compile features
[0.644s] -- Detecting CXX compile features - done
[0.653s] -- Found ament_cmake: 1.3.8 (/opt/ros/humble/share/ament_cmake/cmake)
[1.094s] -- Found Python3: /usr/bin/python3 (found version "3.10.12") found components: Interpreter 
[1.313s] -- Found rclcpp: 16.0.8 (/opt/ros/humble/share/rclcpp/cmake)
[1.399s] -- Found rosidl_generator_c: 3.1.5 (/opt/ros/humble/share/rosidl_generator_c/cmake)
[1.408s] -- Found rosidl_adapter: 3.1.5 (/opt/ros/humble/share/rosidl_adapter/cmake)
[1.424s] -- Found rosidl_generator_cpp: 3.1.5 (/opt/ros/humble/share/rosidl_generator_cpp/cmake)
[1.449s] -- Using all available rosidl_typesupport_c: rosidl_typesupport_fastrtps_c;rosidl_typesupport_introspection_c
[1.485s] -- Using all available rosidl_typesupport_cpp: rosidl_typesupport_fastrtps_cpp;rosidl_typesupport_introspection_cpp
[1.613s] -- Found rmw_implementation_cmake: 6.1.1 (/opt/ros/humble/share/rmw_implementation_cmake/cmake)
[1.617s] -- Found rmw_fastrtps_cpp: 6.2.6 (/opt/ros/humble/share/rmw_fastrtps_cpp/cmake)
[1.801s] -- Found OpenSSL: /usr/lib/aarch64-linux-gnu/libcrypto.so (found version "3.0.2")  
[1.862s] -- Found FastRTPS: /opt/ros/humble/include  
[1.957s] -- Using RMW implementation 'rmw_fastrtps_cpp' as default
[1.974s] -- Looking for pthread.h
[2.125s] -- Looking for pthread.h - found
[2.127s] -- Performing Test CMAKE_HAVE_LIBC_PTHREAD
[2.275s] -- Performing Test CMAKE_HAVE_LIBC_PTHREAD - Success
[2.280s] -- Found Threads: TRUE  
[2.613s] -- Found geometry_msgs: 4.2.3 (/opt/ros/humble/share/geometry_msgs/cmake)
[2.697s] -- Found ament_lint_auto: 0.12.10 (/opt/ros/humble/share/ament_lint_auto/cmake)
[2.870s] -- Added test 'copyright' to check source files copyright and LICENSE
[2.873s] -- Added test 'cppcheck' to perform static code analysis on C / C++ code
[2.874s] -- Configured cppcheck include dirs: $<BUILD_INTERFACE:/home/aidan/ros_ws/src/ana_1_1/include>;$<BUILD_INTERFACE:/home/aidan/ros_ws/src/ana_1_1/meshes>;$<BUILD_INTERFACE:/home/aidan/ros_ws/src/ana_1_1/worlds>
[2.874s] -- Configured cppcheck exclude dirs and/or files: 
[2.877s] -- Added test 'cpplint' to check C / C++ code against the Google style
[2.877s] -- Configured cpplint exclude dirs and/or files: 
[2.878s] -- Added test 'flake8' to check Python code syntax and style conventions
[2.879s] -- Added test 'lint_cmake' to check CMake code style
[2.880s] -- Added test 'pep257' to check Python code against some of the docstring style conventions in PEP 257
[2.882s] -- Added test 'uncrustify' to check C / C++ code style
[2.882s] -- Configured uncrustify additional arguments: 
[2.883s] -- Added test 'xmllint' to check XML markup files
[2.886s] -- Configuring done
[2.906s] -- Generating done
[2.909s] -- Build files have been written to: /home/aidan/ros_ws/build/ana_1_1
[2.937s] Invoked command in '/home/aidan/ros_ws/build/ana_1_1' returned '0': CMAKE_PREFIX_PATH=${CMAKE_PREFIX_PATH}:/opt/ros/humble /usr/bin/cmake /home/aidan/ros_ws/src/ana_1_1 -DCMAKE_INSTALL_PREFIX=/home/aidan/ros_ws/install/ana_1_1
[2.939s] Invoking command in '/home/aidan/ros_ws/build/ana_1_1': CMAKE_PREFIX_PATH=${CMAKE_PREFIX_PATH}:/opt/ros/humble /usr/bin/cmake --build /home/aidan/ros_ws/build/ana_1_1 -- -j6 -l6
[3.039s] [ 50%] [32mBuilding CXX object CMakeFiles/controller_node.dir/src/controller.cpp.o[0m
[21.853s] [100%] [32m[1mLinking CXX executable controller_node[0m
[22.672s] [100%] Built target controller_node
[22.701s] Invoked command in '/home/aidan/ros_ws/build/ana_1_1' returned '0': CMAKE_PREFIX_PATH=${CMAKE_PREFIX_PATH}:/opt/ros/humble /usr/bin/cmake --build /home/aidan/ros_ws/build/ana_1_1 -- -j6 -l6
[22.777s] Invoking command in '/home/aidan/ros_ws/build/ana_1_1': CMAKE_PREFIX_PATH=${CMAKE_PREFIX_PATH}:/opt/ros/humble /usr/bin/cmake --install /home/aidan/ros_ws/build/ana_1_1
[22.796s] -- Install configuration: ""
[22.796s] -- Installing: /home/aidan/ros_ws/install/ana_1_1/lib/ana_1_1/controller_node
[22.807s] -- Set runtime path of "/home/aidan/ros_ws/install/ana_1_1/lib/ana_1_1/controller_node" to ""
[22.807s] -- Installing: /home/aidan/ros_ws/install/ana_1_1/share/ana_1_1//meshes
[22.807s] -- Installing: /home/aidan/ros_ws/install/ana_1_1/share/ana_1_1//meshes/ana_chassis.stl
[22.808s] -- Installing: /home/aidan/ros_ws/install/ana_1_1/share/ana_1_1//meshes/d435i.stl
[22.811s] -- Installing: /home/aidan/ros_ws/install/ana_1_1/share/ana_1_1//worlds
[22.811s] -- Installing: /home/aidan/ros_ws/install/ana_1_1/share/ana_1_1//worlds/ana_robot_world.sdf
[22.811s] -- Installing: /home/aidan/ros_ws/install/ana_1_1/share/ana_1_1//launch
[22.812s] -- Installing: /home/aidan/ros_ws/install/ana_1_1/share/ana_1_1//description
[22.812s] -- Installing: /home/aidan/ros_ws/install/ana_1_1/share/ana_1_1//description/inertial_macros.xacro
[22.812s] -- Installing: /home/aidan/ros_ws/install/ana_1_1/share/ana_1_1//description/robot_core.urdf
[22.812s] -- Installing: /home/aidan/ros_ws/install/ana_1_1/share/ana_1_1//description/depth_camera.xacro
[22.812s] -- Installing: /home/aidan/ros_ws/install/ana_1_1/share/ana_1_1//description/robot.urdf.xacro
[22.813s] -- Installing: /home/aidan/ros_ws/install/ana_1_1/share/ana_1_1//config
[22.813s] -- Installing: /home/aidan/ros_ws/install/ana_1_1/share/ana_1_1//config/empty.rviz
[22.813s] -- Installing: /home/aidan/ros_ws/install/ana_1_1/share/ana_1_1//config/ana.rviz
[22.813s] -- Up-to-date: /home/aidan/ros_ws/install/ana_1_1/share/ana_1_1/launch
[22.814s] -- Installing: /home/aidan/ros_ws/install/ana_1_1/share/ana_1_1/launch/robot_simulation.launch.py
[22.814s] -- Installing: /home/aidan/ros_ws/install/ana_1_1/share/ament_index/resource_index/package_run_dependencies/ana_1_1
[22.815s] -- Installing: /home/aidan/ros_ws/install/ana_1_1/share/ament_index/resource_index/parent_prefix_path/ana_1_1
[22.815s] -- Installing: /home/aidan/ros_ws/install/ana_1_1/share/ana_1_1/environment/ament_prefix_path.sh
[22.816s] -- Installing: /home/aidan/ros_ws/install/ana_1_1/share/ana_1_1/environment/ament_prefix_path.dsv
[22.816s] -- Installing: /home/aidan/ros_ws/install/ana_1_1/share/ana_1_1/environment/path.sh
[22.817s] -- Installing: /home/aidan/ros_ws/install/ana_1_1/share/ana_1_1/environment/path.dsv
[22.817s] -- Installing: /home/aidan/ros_ws/install/ana_1_1/share/ana_1_1/local_setup.bash
[22.817s] -- Installing: /home/aidan/ros_ws/install/ana_1_1/share/ana_1_1/local_setup.sh
[22.818s] -- Installing: /home/aidan/ros_ws/install/ana_1_1/share/ana_1_1/local_setup.zsh
[22.819s] -- Installing: /home/aidan/ros_ws/install/ana_1_1/share/ana_1_1/local_setup.dsv
[22.819s] -- Installing: /home/aidan/ros_ws/install/ana_1_1/share/ana_1_1/package.dsv
[22.820s] -- Installing: /home/aidan/ros_ws/install/ana_1_1/share/ament_index/resource_index/packages/ana_1_1
[22.820s] -- Installing: /home/aidan/ros_ws/install/ana_1_1/share/ana_1_1/cmake/ana_1_1Config.cmake
[22.821s] -- Installing: /home/aidan/ros_ws/install/ana_1_1/share/ana_1_1/cmake/ana_1_1Config-version.cmake
[22.821s] -- Installing: /home/aidan/ros_ws/install/ana_1_1/share/ana_1_1/package.xml
[22.826s] Invoked command in '/home/aidan/ros_ws/build/ana_1_1' returned '0': CMAKE_PREFIX_PATH=${CMAKE_PREFIX_PATH}:/opt/ros/humble /usr/bin/cmake --install /home/aidan/ros_ws/build/ana_1_1
