[0.256s] DEBUG:colcon:Command line arguments: ['/usr/bin/colcon', 'build']
[0.256s] DEBUG:colcon:Parsed command line arguments: Namespace(log_base=None, log_level=None, verb_name='build', build_base='build', install_base='install', merge_install=False, symlink_install=False, test_result_base=None, continue_on_error=False, executor='parallel', parallel_workers=6, event_handlers=None, ignore_user_meta=False, metas=['./colcon.meta'], base_paths=['.'], packages_ignore=None, packages_ignore_regex=None, paths=None, packages_up_to=None, packages_up_to_regex=None, packages_above=None, packages_above_and_dependencies=None, packages_above_depth=None, packages_select_by_dep=None, packages_skip_by_dep=None, packages_skip_up_to=None, packages_select_build_failed=False, packages_skip_build_finished=False, packages_select_test_failures=False, packages_skip_test_passed=False, packages_select=None, packages_skip=None, packages_select_regex=None, packages_skip_regex=None, packages_start=None, packages_end=None, allow_overriding=[], cmake_args=None, cmake_target=None, cmake_target_skip_unavailable=False, cmake_clean_cache=False, cmake_clean_first=False, cmake_force_configure=False, ament_cmake_args=None, catkin_cmake_args=None, catkin_skip_building_tests=False, mixin_files=None, mixin=None, verb_parser=<colcon_mixin.mixin.mixin_argument.MixinArgumentDecorator object at 0xffffbaafb100>, verb_extension=<colcon_core.verb.build.BuildVerb object at 0xffffbaceca90>, main=<bound method BuildVerb.main of <colcon_core.verb.build.BuildVerb object at 0xffffbaceca90>>, mixin_verb=('build',))
[0.661s] Level 1:colcon.colcon_core.package_discovery:discover_packages(colcon_meta) check parameters
[0.662s] Level 1:colcon.colcon_core.package_discovery:discover_packages(recursive) check parameters
[0.662s] Level 1:colcon.colcon_core.package_discovery:discover_packages(ignore) check parameters
[0.662s] Level 1:colcon.colcon_core.package_discovery:discover_packages(path) check parameters
[0.662s] Level 1:colcon.colcon_core.package_discovery:discover_packages(colcon_meta) discover
[0.662s] Level 1:colcon.colcon_core.package_discovery:discover_packages(recursive) discover
[0.662s] INFO:colcon.colcon_core.package_discovery:Crawling recursively for packages in '/home/aidan/ros_ws'
[0.663s] Level 1:colcon.colcon_core.package_identification:_identify(.) by extensions ['ignore', 'ignore_ament_install']
[0.663s] Level 1:colcon.colcon_core.package_identification:_identify(.) by extension 'ignore'
[0.663s] Level 1:colcon.colcon_core.package_identification:_identify(.) by extension 'ignore_ament_install'
[0.663s] Level 1:colcon.colcon_core.package_identification:_identify(.) by extensions ['colcon_pkg']
[0.663s] Level 1:colcon.colcon_core.package_identification:_identify(.) by extension 'colcon_pkg'
[0.663s] Level 1:colcon.colcon_core.package_identification:_identify(.) by extensions ['colcon_meta']
[0.663s] Level 1:colcon.colcon_core.package_identification:_identify(.) by extension 'colcon_meta'
[0.664s] Level 1:colcon.colcon_core.package_identification:_identify(.) by extensions ['ros']
[0.664s] Level 1:colcon.colcon_core.package_identification:_identify(.) by extension 'ros'
[0.687s] Level 1:colcon.colcon_core.package_identification:_identify(.) by extensions ['cmake', 'python']
[0.687s] Level 1:colcon.colcon_core.package_identification:_identify(.) by extension 'cmake'
[0.687s] Level 1:colcon.colcon_core.package_identification:_identify(.) by extension 'python'
[0.687s] Level 1:colcon.colcon_core.package_identification:_identify(.) by extensions ['python_setup_py']
[0.687s] Level 1:colcon.colcon_core.package_identification:_identify(.) by extension 'python_setup_py'
[0.688s] Level 1:colcon.colcon_core.package_identification:_identify(build) by extensions ['ignore', 'ignore_ament_install']
[0.688s] Level 1:colcon.colcon_core.package_identification:_identify(build) by extension 'ignore'
[0.688s] Level 1:colcon.colcon_core.package_identification:_identify(build) ignored
[0.688s] Level 1:colcon.colcon_core.package_identification:_identify(install) by extensions ['ignore', 'ignore_ament_install']
[0.688s] Level 1:colcon.colcon_core.package_identification:_identify(install) by extension 'ignore'
[0.689s] Level 1:colcon.colcon_core.package_identification:_identify(install) ignored
[0.689s] Level 1:colcon.colcon_core.package_identification:_identify(log) by extensions ['ignore', 'ignore_ament_install']
[0.689s] Level 1:colcon.colcon_core.package_identification:_identify(log) by extension 'ignore'
[0.689s] Level 1:colcon.colcon_core.package_identification:_identify(log) ignored
[0.689s] Level 1:colcon.colcon_core.package_identification:_identify(src) by extensions ['ignore', 'ignore_ament_install']
[0.689s] Level 1:colcon.colcon_core.package_identification:_identify(src) by extension 'ignore'
[0.690s] Level 1:colcon.colcon_core.package_identification:_identify(src) by extension 'ignore_ament_install'
[0.690s] Level 1:colcon.colcon_core.package_identification:_identify(src) by extensions ['colcon_pkg']
[0.690s] Level 1:colcon.colcon_core.package_identification:_identify(src) by extension 'colcon_pkg'
[0.690s] Level 1:colcon.colcon_core.package_identification:_identify(src) by extensions ['colcon_meta']
[0.690s] Level 1:colcon.colcon_core.package_identification:_identify(src) by extension 'colcon_meta'
[0.690s] Level 1:colcon.colcon_core.package_identification:_identify(src) by extensions ['ros']
[0.690s] Level 1:colcon.colcon_core.package_identification:_identify(src) by extension 'ros'
[0.690s] Level 1:colcon.colcon_core.package_identification:_identify(src) by extensions ['cmake', 'python']
[0.691s] Level 1:colcon.colcon_core.package_identification:_identify(src) by extension 'cmake'
[0.691s] Level 1:colcon.colcon_core.package_identification:_identify(src) by extension 'python'
[0.691s] Level 1:colcon.colcon_core.package_identification:_identify(src) by extensions ['python_setup_py']
[0.691s] Level 1:colcon.colcon_core.package_identification:_identify(src) by extension 'python_setup_py'
[0.691s] Level 1:colcon.colcon_core.package_identification:_identify(src/ana) by extensions ['ignore', 'ignore_ament_install']
[0.691s] Level 1:colcon.colcon_core.package_identification:_identify(src/ana) by extension 'ignore'
[0.691s] Level 1:colcon.colcon_core.package_identification:_identify(src/ana) by extension 'ignore_ament_install'
[0.691s] Level 1:colcon.colcon_core.package_identification:_identify(src/ana) by extensions ['colcon_pkg']
[0.692s] Level 1:colcon.colcon_core.package_identification:_identify(src/ana) by extension 'colcon_pkg'
[0.692s] Level 1:colcon.colcon_core.package_identification:_identify(src/ana) by extensions ['colcon_meta']
[0.692s] Level 1:colcon.colcon_core.package_identification:_identify(src/ana) by extension 'colcon_meta'
[0.692s] Level 1:colcon.colcon_core.package_identification:_identify(src/ana) by extensions ['ros']
[0.692s] Level 1:colcon.colcon_core.package_identification:_identify(src/ana) by extension 'ros'
[0.697s] DEBUG:colcon.colcon_core.package_identification:Package 'src/ana' with type 'ros.ament_cmake' and name 'ana'
[0.697s] Level 1:colcon.colcon_core.package_identification:_identify(src/ana_1_1) by extensions ['ignore', 'ignore_ament_install']
[0.698s] Level 1:colcon.colcon_core.package_identification:_identify(src/ana_1_1) by extension 'ignore'
[0.698s] Level 1:colcon.colcon_core.package_identification:_identify(src/ana_1_1) by extension 'ignore_ament_install'
[0.698s] Level 1:colcon.colcon_core.package_identification:_identify(src/ana_1_1) by extensions ['colcon_pkg']
[0.698s] Level 1:colcon.colcon_core.package_identification:_identify(src/ana_1_1) by extension 'colcon_pkg'
[0.698s] Level 1:colcon.colcon_core.package_identification:_identify(src/ana_1_1) by extensions ['colcon_meta']
[0.698s] Level 1:colcon.colcon_core.package_identification:_identify(src/ana_1_1) by extension 'colcon_meta'
[0.698s] Level 1:colcon.colcon_core.package_identification:_identify(src/ana_1_1) by extensions ['ros']
[0.699s] Level 1:colcon.colcon_core.package_identification:_identify(src/ana_1_1) by extension 'ros'
[0.700s] DEBUG:colcon.colcon_core.package_identification:Package 'src/ana_1_1' with type 'ros.ament_cmake' and name 'ana_1_1'
[0.700s] Level 1:colcon.colcon_core.package_discovery:discover_packages(recursive) using defaults
[0.700s] Level 1:colcon.colcon_core.package_discovery:discover_packages(ignore) discover
[0.700s] Level 1:colcon.colcon_core.package_discovery:discover_packages(ignore) using defaults
[0.700s] Level 1:colcon.colcon_core.package_discovery:discover_packages(path) discover
[0.700s] Level 1:colcon.colcon_core.package_discovery:discover_packages(path) using defaults
[0.772s] Level 1:colcon.colcon_core.package_discovery:discover_packages(prefix_path) check parameters
[0.773s] Level 1:colcon.colcon_core.package_discovery:discover_packages(prefix_path) discover
[0.777s] DEBUG:colcon.colcon_installed_package_information.package_discovery:Found 2 installed packages in /home/aidan/ros_ws/install
[0.780s] DEBUG:colcon.colcon_installed_package_information.package_discovery:Found 408 installed packages in /opt/ros/humble
[0.784s] Level 1:colcon.colcon_core.package_discovery:discover_packages(prefix_path) using defaults
[0.891s] Level 5:colcon.colcon_core.verb:set package 'ana' build argument 'cmake_args' from command line to 'None'
[0.892s] Level 5:colcon.colcon_core.verb:set package 'ana' build argument 'cmake_target' from command line to 'None'
[0.892s] Level 5:colcon.colcon_core.verb:set package 'ana' build argument 'cmake_target_skip_unavailable' from command line to 'False'
[0.892s] Level 5:colcon.colcon_core.verb:set package 'ana' build argument 'cmake_clean_cache' from command line to 'False'
[0.892s] Level 5:colcon.colcon_core.verb:set package 'ana' build argument 'cmake_clean_first' from command line to 'False'
[0.892s] Level 5:colcon.colcon_core.verb:set package 'ana' build argument 'cmake_force_configure' from command line to 'False'
[0.892s] Level 5:colcon.colcon_core.verb:set package 'ana' build argument 'ament_cmake_args' from command line to 'None'
[0.892s] Level 5:colcon.colcon_core.verb:set package 'ana' build argument 'catkin_cmake_args' from command line to 'None'
[0.892s] Level 5:colcon.colcon_core.verb:set package 'ana' build argument 'catkin_skip_building_tests' from command line to 'False'
[0.892s] DEBUG:colcon.colcon_core.verb:Building package 'ana' with the following arguments: {'ament_cmake_args': None, 'build_base': '/home/aidan/ros_ws/build/ana', 'catkin_cmake_args': None, 'catkin_skip_building_tests': False, 'cmake_args': None, 'cmake_clean_cache': False, 'cmake_clean_first': False, 'cmake_force_configure': False, 'cmake_target': None, 'cmake_target_skip_unavailable': False, 'install_base': '/home/aidan/ros_ws/install/ana', 'merge_install': False, 'path': '/home/aidan/ros_ws/src/ana', 'symlink_install': False, 'test_result_base': None}
[0.893s] Level 5:colcon.colcon_core.verb:set package 'ana_1_1' build argument 'cmake_args' from command line to 'None'
[0.893s] Level 5:colcon.colcon_core.verb:set package 'ana_1_1' build argument 'cmake_target' from command line to 'None'
[0.893s] Level 5:colcon.colcon_core.verb:set package 'ana_1_1' build argument 'cmake_target_skip_unavailable' from command line to 'False'
[0.893s] Level 5:colcon.colcon_core.verb:set package 'ana_1_1' build argument 'cmake_clean_cache' from command line to 'False'
[0.893s] Level 5:colcon.colcon_core.verb:set package 'ana_1_1' build argument 'cmake_clean_first' from command line to 'False'
[0.893s] Level 5:colcon.colcon_core.verb:set package 'ana_1_1' build argument 'cmake_force_configure' from command line to 'False'
[0.893s] Level 5:colcon.colcon_core.verb:set package 'ana_1_1' build argument 'ament_cmake_args' from command line to 'None'
[0.893s] Level 5:colcon.colcon_core.verb:set package 'ana_1_1' build argument 'catkin_cmake_args' from command line to 'None'
[0.893s] Level 5:colcon.colcon_core.verb:set package 'ana_1_1' build argument 'catkin_skip_building_tests' from command line to 'False'
[0.894s] DEBUG:colcon.colcon_core.verb:Building package 'ana_1_1' with the following arguments: {'ament_cmake_args': None, 'build_base': '/home/aidan/ros_ws/build/ana_1_1', 'catkin_cmake_args': None, 'catkin_skip_building_tests': False, 'cmake_args': None, 'cmake_clean_cache': False, 'cmake_clean_first': False, 'cmake_force_configure': False, 'cmake_target': None, 'cmake_target_skip_unavailable': False, 'install_base': '/home/aidan/ros_ws/install/ana_1_1', 'merge_install': False, 'path': '/home/aidan/ros_ws/src/ana_1_1', 'symlink_install': False, 'test_result_base': None}
[0.894s] INFO:colcon.colcon_core.executor:Executing jobs using 'parallel' executor
[0.896s] DEBUG:colcon.colcon_parallel_executor.executor.parallel:run_until_complete
[0.897s] INFO:colcon.colcon_ros.task.ament_cmake.build:Building ROS package in '/home/aidan/ros_ws/src/ana' with build type 'ament_cmake'
[0.897s] INFO:colcon.colcon_cmake.task.cmake.build:Building CMake package in '/home/aidan/ros_ws/src/ana'
[0.902s] INFO:colcon.colcon_core.plugin_system:Skipping extension 'colcon_core.shell.bat': Not used on non-Windows systems
[0.903s] INFO:colcon.colcon_core.shell:Skip shell extension 'powershell' for command environment: Not usable outside of PowerShell
[0.903s] DEBUG:colcon.colcon_core.shell:Skip shell extension 'dsv' for command environment
[0.911s] INFO:colcon.colcon_ros.task.ament_cmake.build:Building ROS package in '/home/aidan/ros_ws/src/ana_1_1' with build type 'ament_cmake'
[0.911s] INFO:colcon.colcon_cmake.task.cmake.build:Building CMake package in '/home/aidan/ros_ws/src/ana_1_1'
[0.912s] INFO:colcon.colcon_core.shell:Skip shell extension 'powershell' for command environment: Not usable outside of PowerShell
[0.912s] DEBUG:colcon.colcon_core.shell:Skip shell extension 'dsv' for command environment
[0.933s] DEBUG:colcon.colcon_core.event_handler.log_command:Invoking command in '/home/aidan/ros_ws/build/ana': CMAKE_PREFIX_PATH=${CMAKE_PREFIX_PATH}:/opt/ros/humble /usr/bin/cmake --build /home/aidan/ros_ws/build/ana -- -j6 -l6
[0.950s] DEBUG:colcon.colcon_core.event_handler.log_command:Invoking command in '/home/aidan/ros_ws/build/ana_1_1': CMAKE_PREFIX_PATH=${CMAKE_PREFIX_PATH}:/opt/ros/humble /usr/bin/cmake --build /home/aidan/ros_ws/build/ana_1_1 -- -j6 -l6
[1.083s] DEBUG:colcon.colcon_core.event_handler.log_command:Invoked command in '/home/aidan/ros_ws/build/ana' returned '0': CMAKE_PREFIX_PATH=${CMAKE_PREFIX_PATH}:/opt/ros/humble /usr/bin/cmake --build /home/aidan/ros_ws/build/ana -- -j6 -l6
[1.128s] DEBUG:colcon.colcon_core.event_handler.log_command:Invoked command in '/home/aidan/ros_ws/build/ana_1_1' returned '0': CMAKE_PREFIX_PATH=${CMAKE_PREFIX_PATH}:/opt/ros/humble /usr/bin/cmake --build /home/aidan/ros_ws/build/ana_1_1 -- -j6 -l6
[1.155s] DEBUG:colcon.colcon_core.event_handler.log_command:Invoking command in '/home/aidan/ros_ws/build/ana': CMAKE_PREFIX_PATH=${CMAKE_PREFIX_PATH}:/opt/ros/humble /usr/bin/cmake --install /home/aidan/ros_ws/build/ana
[1.172s] DEBUG:colcon.colcon_core.event_handler.log_command:Invoking command in '/home/aidan/ros_ws/build/ana_1_1': CMAKE_PREFIX_PATH=${CMAKE_PREFIX_PATH}:/opt/ros/humble /usr/bin/cmake --install /home/aidan/ros_ws/build/ana_1_1
[1.188s] Level 1:colcon.colcon_core.environment:create_environment_scripts_only(ana)
[1.203s] Level 1:colcon.colcon_core.environment:checking '/home/aidan/ros_ws/install/ana' for CMake module files
[1.212s] Level 1:colcon.colcon_core.environment:checking '/home/aidan/ros_ws/install/ana' for CMake config files
[1.215s] Level 1:colcon.colcon_core.shell:create_environment_hook('ana', 'cmake_prefix_path')
[1.216s] INFO:colcon.colcon_core.shell:Creating environment hook '/home/aidan/ros_ws/install/ana/share/ana/hook/cmake_prefix_path.ps1'
[1.220s] INFO:colcon.colcon_core.shell:Creating environment descriptor '/home/aidan/ros_ws/install/ana/share/ana/hook/cmake_prefix_path.dsv'
[1.222s] INFO:colcon.colcon_core.shell:Creating environment hook '/home/aidan/ros_ws/install/ana/share/ana/hook/cmake_prefix_path.sh'
[1.223s] DEBUG:colcon.colcon_core.event_handler.log_command:Invoked command in '/home/aidan/ros_ws/build/ana' returned '0': CMAKE_PREFIX_PATH=${CMAKE_PREFIX_PATH}:/opt/ros/humble /usr/bin/cmake --install /home/aidan/ros_ws/build/ana
[1.227s] Level 1:colcon.colcon_core.environment:checking '/home/aidan/ros_ws/install/ana/lib'
[1.228s] Level 1:colcon.colcon_core.environment:checking '/home/aidan/ros_ws/install/ana/bin'
[1.228s] Level 1:colcon.colcon_core.environment:checking '/home/aidan/ros_ws/install/ana/lib/pkgconfig/ana.pc'
[1.229s] Level 1:colcon.colcon_core.environment:checking '/home/aidan/ros_ws/install/ana/lib/python3.10/site-packages'
[1.229s] Level 1:colcon.colcon_core.environment:checking '/home/aidan/ros_ws/install/ana/bin'
[1.230s] INFO:colcon.colcon_core.shell:Creating package script '/home/aidan/ros_ws/install/ana/share/ana/package.ps1'
[1.233s] INFO:colcon.colcon_core.shell:Creating package descriptor '/home/aidan/ros_ws/install/ana/share/ana/package.dsv'
[1.235s] INFO:colcon.colcon_core.shell:Creating package script '/home/aidan/ros_ws/install/ana/share/ana/package.sh'
[1.237s] INFO:colcon.colcon_core.shell:Creating package script '/home/aidan/ros_ws/install/ana/share/ana/package.bash'
[1.240s] INFO:colcon.colcon_core.shell:Creating package script '/home/aidan/ros_ws/install/ana/share/ana/package.zsh'
[1.242s] Level 1:colcon.colcon_core.environment:create_file_with_runtime_dependencies(/home/aidan/ros_ws/install/ana/share/colcon-core/packages/ana)
[1.247s] Level 1:colcon.colcon_core.environment:create_environment_scripts_only(ana_1_1)
[1.248s] Level 1:colcon.colcon_core.environment:checking '/home/aidan/ros_ws/install/ana_1_1' for CMake module files
[1.249s] Level 1:colcon.colcon_core.environment:checking '/home/aidan/ros_ws/install/ana_1_1' for CMake config files
[1.250s] Level 1:colcon.colcon_core.shell:create_environment_hook('ana_1_1', 'cmake_prefix_path')
[1.251s] INFO:colcon.colcon_core.shell:Creating environment hook '/home/aidan/ros_ws/install/ana_1_1/share/ana_1_1/hook/cmake_prefix_path.ps1'
[1.253s] INFO:colcon.colcon_core.shell:Creating environment descriptor '/home/aidan/ros_ws/install/ana_1_1/share/ana_1_1/hook/cmake_prefix_path.dsv'
[1.255s] INFO:colcon.colcon_core.shell:Creating environment hook '/home/aidan/ros_ws/install/ana_1_1/share/ana_1_1/hook/cmake_prefix_path.sh'
[1.256s] DEBUG:colcon.colcon_core.event_handler.log_command:Invoked command in '/home/aidan/ros_ws/build/ana_1_1' returned '0': CMAKE_PREFIX_PATH=${CMAKE_PREFIX_PATH}:/opt/ros/humble /usr/bin/cmake --install /home/aidan/ros_ws/build/ana_1_1
[1.257s] Level 1:colcon.colcon_core.environment:checking '/home/aidan/ros_ws/install/ana_1_1/lib'
[1.258s] Level 1:colcon.colcon_core.environment:checking '/home/aidan/ros_ws/install/ana_1_1/bin'
[1.258s] Level 1:colcon.colcon_core.environment:checking '/home/aidan/ros_ws/install/ana_1_1/lib/pkgconfig/ana_1_1.pc'
[1.258s] Level 1:colcon.colcon_core.environment:checking '/home/aidan/ros_ws/install/ana_1_1/lib/python3.10/site-packages'
[1.259s] Level 1:colcon.colcon_core.environment:checking '/home/aidan/ros_ws/install/ana_1_1/bin'
[1.259s] INFO:colcon.colcon_core.shell:Creating package script '/home/aidan/ros_ws/install/ana_1_1/share/ana_1_1/package.ps1'
[1.260s] INFO:colcon.colcon_core.shell:Creating package descriptor '/home/aidan/ros_ws/install/ana_1_1/share/ana_1_1/package.dsv'
[1.261s] INFO:colcon.colcon_core.shell:Creating package script '/home/aidan/ros_ws/install/ana_1_1/share/ana_1_1/package.sh'
[1.262s] INFO:colcon.colcon_core.shell:Creating package script '/home/aidan/ros_ws/install/ana_1_1/share/ana_1_1/package.bash'
[1.263s] INFO:colcon.colcon_core.shell:Creating package script '/home/aidan/ros_ws/install/ana_1_1/share/ana_1_1/package.zsh'
[1.267s] Level 1:colcon.colcon_core.environment:create_file_with_runtime_dependencies(/home/aidan/ros_ws/install/ana_1_1/share/colcon-core/packages/ana_1_1)
[1.291s] Level 1:colcon.colcon_core.environment:create_environment_scripts_only(ana)
[1.291s] Level 1:colcon.colcon_core.environment:checking '/home/aidan/ros_ws/install/ana' for CMake module files
[1.292s] Level 1:colcon.colcon_core.environment:checking '/home/aidan/ros_ws/install/ana' for CMake config files
[1.293s] Level 1:colcon.colcon_core.shell:create_environment_hook('ana', 'cmake_prefix_path')
[1.293s] INFO:colcon.colcon_core.shell:Creating environment hook '/home/aidan/ros_ws/install/ana/share/ana/hook/cmake_prefix_path.ps1'
[1.295s] INFO:colcon.colcon_core.shell:Creating environment descriptor '/home/aidan/ros_ws/install/ana/share/ana/hook/cmake_prefix_path.dsv'
[1.295s] INFO:colcon.colcon_core.shell:Creating environment hook '/home/aidan/ros_ws/install/ana/share/ana/hook/cmake_prefix_path.sh'
[1.297s] Level 1:colcon.colcon_core.environment:checking '/home/aidan/ros_ws/install/ana/lib'
[1.297s] Level 1:colcon.colcon_core.environment:checking '/home/aidan/ros_ws/install/ana/bin'
[1.298s] Level 1:colcon.colcon_core.environment:checking '/home/aidan/ros_ws/install/ana/lib/pkgconfig/ana.pc'
[1.298s] Level 1:colcon.colcon_core.environment:checking '/home/aidan/ros_ws/install/ana/lib/python3.10/site-packages'
[1.299s] Level 1:colcon.colcon_core.environment:checking '/home/aidan/ros_ws/install/ana/bin'
[1.299s] INFO:colcon.colcon_core.shell:Creating package script '/home/aidan/ros_ws/install/ana/share/ana/package.ps1'
[1.301s] INFO:colcon.colcon_core.shell:Creating package descriptor '/home/aidan/ros_ws/install/ana/share/ana/package.dsv'
[1.302s] INFO:colcon.colcon_core.shell:Creating package script '/home/aidan/ros_ws/install/ana/share/ana/package.sh'
[1.303s] INFO:colcon.colcon_core.shell:Creating package script '/home/aidan/ros_ws/install/ana/share/ana/package.bash'
[1.303s] INFO:colcon.colcon_core.shell:Creating package script '/home/aidan/ros_ws/install/ana/share/ana/package.zsh'
[1.304s] Level 1:colcon.colcon_core.environment:create_file_with_runtime_dependencies(/home/aidan/ros_ws/install/ana/share/colcon-core/packages/ana)
[1.317s] Level 1:colcon.colcon_core.environment:create_environment_scripts_only(ana_1_1)
[1.317s] Level 1:colcon.colcon_core.environment:checking '/home/aidan/ros_ws/install/ana_1_1' for CMake module files
[1.318s] Level 1:colcon.colcon_core.environment:checking '/home/aidan/ros_ws/install/ana_1_1' for CMake config files
[1.319s] Level 1:colcon.colcon_core.shell:create_environment_hook('ana_1_1', 'cmake_prefix_path')
[1.320s] INFO:colcon.colcon_core.shell:Creating environment hook '/home/aidan/ros_ws/install/ana_1_1/share/ana_1_1/hook/cmake_prefix_path.ps1'
[1.321s] INFO:colcon.colcon_core.shell:Creating environment descriptor '/home/aidan/ros_ws/install/ana_1_1/share/ana_1_1/hook/cmake_prefix_path.dsv'
[1.322s] INFO:colcon.colcon_core.shell:Creating environment hook '/home/aidan/ros_ws/install/ana_1_1/share/ana_1_1/hook/cmake_prefix_path.sh'
[1.323s] Level 1:colcon.colcon_core.environment:checking '/home/aidan/ros_ws/install/ana_1_1/lib'
[1.324s] Level 1:colcon.colcon_core.environment:checking '/home/aidan/ros_ws/install/ana_1_1/bin'
[1.324s] Level 1:colcon.colcon_core.environment:checking '/home/aidan/ros_ws/install/ana_1_1/lib/pkgconfig/ana_1_1.pc'
[1.324s] Level 1:colcon.colcon_core.environment:checking '/home/aidan/ros_ws/install/ana_1_1/lib/python3.10/site-packages'
[1.325s] Level 1:colcon.colcon_core.environment:checking '/home/aidan/ros_ws/install/ana_1_1/bin'
[1.325s] INFO:colcon.colcon_core.shell:Creating package script '/home/aidan/ros_ws/install/ana_1_1/share/ana_1_1/package.ps1'
[1.327s] INFO:colcon.colcon_core.shell:Creating package descriptor '/home/aidan/ros_ws/install/ana_1_1/share/ana_1_1/package.dsv'
[1.329s] INFO:colcon.colcon_core.shell:Creating package script '/home/aidan/ros_ws/install/ana_1_1/share/ana_1_1/package.sh'
[1.330s] INFO:colcon.colcon_core.shell:Creating package script '/home/aidan/ros_ws/install/ana_1_1/share/ana_1_1/package.bash'
[1.331s] INFO:colcon.colcon_core.shell:Creating package script '/home/aidan/ros_ws/install/ana_1_1/share/ana_1_1/package.zsh'
[1.331s] Level 1:colcon.colcon_core.environment:create_file_with_runtime_dependencies(/home/aidan/ros_ws/install/ana_1_1/share/colcon-core/packages/ana_1_1)
[1.332s] DEBUG:colcon.colcon_parallel_executor.executor.parallel:closing loop
[1.333s] DEBUG:colcon.colcon_parallel_executor.executor.parallel:loop closed
[1.333s] DEBUG:colcon.colcon_parallel_executor.executor.parallel:run_until_complete finished with '0'
[1.334s] DEBUG:colcon.colcon_core.event_reactor:joining thread
[1.353s] INFO:colcon.colcon_core.plugin_system:Skipping extension 'colcon_notification.desktop_notification.terminal_notifier': Not used on non-Darwin systems
[1.354s] INFO:colcon.colcon_core.plugin_system:Skipping extension 'colcon_notification.desktop_notification.win32': Not used on non-Windows systems
[1.354s] INFO:colcon.colcon_notification.desktop_notification:Sending desktop notification using 'notify2'
[1.396s] DEBUG:colcon.colcon_core.event_reactor:joined thread
[1.397s] INFO:colcon.colcon_core.shell:Creating prefix script '/home/aidan/ros_ws/install/local_setup.ps1'
[1.400s] INFO:colcon.colcon_core.shell:Creating prefix util module '/home/aidan/ros_ws/install/_local_setup_util_ps1.py'
[1.402s] INFO:colcon.colcon_core.shell:Creating prefix chain script '/home/aidan/ros_ws/install/setup.ps1'
[1.405s] INFO:colcon.colcon_core.shell:Creating prefix script '/home/aidan/ros_ws/install/local_setup.sh'
[1.406s] INFO:colcon.colcon_core.shell:Creating prefix util module '/home/aidan/ros_ws/install/_local_setup_util_sh.py'
[1.407s] INFO:colcon.colcon_core.shell:Creating prefix chain script '/home/aidan/ros_ws/install/setup.sh'
[1.410s] INFO:colcon.colcon_core.shell:Creating prefix script '/home/aidan/ros_ws/install/local_setup.bash'
[1.411s] INFO:colcon.colcon_core.shell:Creating prefix chain script '/home/aidan/ros_ws/install/setup.bash'
[1.413s] INFO:colcon.colcon_core.shell:Creating prefix script '/home/aidan/ros_ws/install/local_setup.zsh'
[1.416s] INFO:colcon.colcon_core.shell:Creating prefix chain script '/home/aidan/ros_ws/install/setup.zsh'
