[0.030s] Invoking command in '/home/aidan/ros_ws/build/ana_1_1': CMAKE_PREFIX_PATH=${CMAKE_PREFIX_PATH}:/opt/ros/humble /usr/bin/cmake --build /home/aidan/ros_ws/build/ana_1_1 -- -j6 -l6
[0.156s] [100%] Built target controller_node
[0.187s] Invoked command in '/home/aidan/ros_ws/build/ana_1_1' returned '0': CMAKE_PREFIX_PATH=${CMAKE_PREFIX_PATH}:/opt/ros/humble /usr/bin/cmake --build /home/aidan/ros_ws/build/ana_1_1 -- -j6 -l6
[0.237s] Invoking command in '/home/aidan/ros_ws/build/ana_1_1': CMAKE_PREFIX_PATH=${CMAKE_PREFIX_PATH}:/opt/ros/humble /usr/bin/cmake --install /home/aidan/ros_ws/build/ana_1_1
[0.265s] -- Install configuration: ""
[0.266s] -- Up-to-date: /home/aidan/ros_ws/install/ana_1_1/lib/ana_1_1/controller_node
[0.266s] -- Up-to-date: /home/aidan/ros_ws/install/ana_1_1/share/ana_1_1//meshes
[0.267s] -- Up-to-date: /home/aidan/ros_ws/install/ana_1_1/share/ana_1_1//meshes/ana_chassis.stl
[0.268s] -- Up-to-date: /home/aidan/ros_ws/install/ana_1_1/share/ana_1_1//meshes/d435i.stl
[0.268s] -- Up-to-date: /home/aidan/ros_ws/install/ana_1_1/share/ana_1_1//worlds
[0.269s] -- Up-to-date: /home/aidan/ros_ws/install/ana_1_1/share/ana_1_1//worlds/ana_robot_world.sdf
[0.269s] -- Up-to-date: /home/aidan/ros_ws/install/ana_1_1/share/ana_1_1//worlds/ana_robot_world_original.sdf
[0.270s] -- Up-to-date: /home/aidan/ros_ws/install/ana_1_1/share/ana_1_1//launch
[0.271s] -- Up-to-date: /home/aidan/ros_ws/install/ana_1_1/share/ana_1_1//description
[0.271s] -- Up-to-date: /home/aidan/ros_ws/install/ana_1_1/share/ana_1_1//description/inertial_macros.xacro
[0.272s] -- Up-to-date: /home/aidan/ros_ws/install/ana_1_1/share/ana_1_1//description/robot_core.urdf
[0.272s] -- Up-to-date: /home/aidan/ros_ws/install/ana_1_1/share/ana_1_1//description/depth_camera.xacro
[0.276s] -- Up-to-date: /home/aidan/ros_ws/install/ana_1_1/share/ana_1_1//description/robot.urdf.xacro
[0.279s] -- Up-to-date: /home/aidan/ros_ws/install/ana_1_1/share/ana_1_1//config
[0.280s] -- Installing: /home/aidan/ros_ws/install/ana_1_1/share/ana_1_1//config/robot_visualization.rviz
[0.280s] -- Up-to-date: /home/aidan/ros_ws/install/ana_1_1/share/ana_1_1//config/empty.rviz
[0.281s] -- Up-to-date: /home/aidan/ros_ws/install/ana_1_1/share/ana_1_1/launch
[0.281s] -- Up-to-date: /home/aidan/ros_ws/install/ana_1_1/share/ana_1_1/launch/robot_simulation.launch.py
[0.281s] -- Up-to-date: /home/aidan/ros_ws/install/ana_1_1/share/ament_index/resource_index/package_run_dependencies/ana_1_1
[0.282s] -- Up-to-date: /home/aidan/ros_ws/install/ana_1_1/share/ament_index/resource_index/parent_prefix_path/ana_1_1
[0.282s] -- Up-to-date: /home/aidan/ros_ws/install/ana_1_1/share/ana_1_1/environment/ament_prefix_path.sh
[0.283s] -- Up-to-date: /home/aidan/ros_ws/install/ana_1_1/share/ana_1_1/environment/ament_prefix_path.dsv
[0.284s] -- Up-to-date: /home/aidan/ros_ws/install/ana_1_1/share/ana_1_1/environment/path.sh
[0.286s] -- Up-to-date: /home/aidan/ros_ws/install/ana_1_1/share/ana_1_1/environment/path.dsv
[0.286s] -- Up-to-date: /home/aidan/ros_ws/install/ana_1_1/share/ana_1_1/local_setup.bash
[0.287s] -- Up-to-date: /home/aidan/ros_ws/install/ana_1_1/share/ana_1_1/local_setup.sh
[0.287s] -- Up-to-date: /home/aidan/ros_ws/install/ana_1_1/share/ana_1_1/local_setup.zsh
[0.288s] -- Up-to-date: /home/aidan/ros_ws/install/ana_1_1/share/ana_1_1/local_setup.dsv
[0.288s] -- Installing: /home/aidan/ros_ws/install/ana_1_1/share/ana_1_1/package.dsv
[0.289s] -- Up-to-date: /home/aidan/ros_ws/install/ana_1_1/share/ament_index/resource_index/packages/ana_1_1
[0.291s] -- Up-to-date: /home/aidan/ros_ws/install/ana_1_1/share/ana_1_1/cmake/ana_1_1Config.cmake
[0.291s] -- Up-to-date: /home/aidan/ros_ws/install/ana_1_1/share/ana_1_1/cmake/ana_1_1Config-version.cmake
[0.292s] -- Up-to-date: /home/aidan/ros_ws/install/ana_1_1/share/ana_1_1/package.xml
[0.313s] Invoked command in '/home/aidan/ros_ws/build/ana_1_1' returned '0': CMAKE_PREFIX_PATH=${CMAKE_PREFIX_PATH}:/opt/ros/humble /usr/bin/cmake --install /home/aidan/ros_ws/build/ana_1_1
