[0.032s] Invoking command in '/home/aidan/ros_ws/build/ana': CMAKE_PREFIX_PATH=${CMAKE_PREFIX_PATH}:/opt/ros/humble /usr/bin/cmake --build /home/aidan/ros_ws/build/ana -- -j6 -l6
[0.083s] -- Found ament_cmake: 1.3.8 (/opt/ros/humble/share/ament_cmake/cmake)
[0.374s] -- Found rclcpp: 16.0.8 (/opt/ros/humble/share/rclcpp/cmake)
[0.457s] -- Found rosidl_generator_c: 3.1.5 (/opt/ros/humble/share/rosidl_generator_c/cmake)
[0.461s] -- Found rosidl_adapter: 3.1.5 (/opt/ros/humble/share/rosidl_adapter/cmake)
[0.472s] -- Found rosidl_generator_cpp: 3.1.5 (/opt/ros/humble/share/rosidl_generator_cpp/cmake)
[0.493s] -- Using all available rosidl_typesupport_c: rosidl_typesupport_fastrtps_c;rosidl_typesupport_introspection_c
[0.522s] -- Using all available rosidl_typesupport_cpp: rosidl_typesupport_fastrtps_cpp;rosidl_typesupport_introspection_cpp
[0.630s] -- Found rmw_implementation_cmake: 6.1.1 (/opt/ros/humble/share/rmw_implementation_cmake/cmake)
[0.632s] -- Found rmw_fastrtps_cpp: 6.2.6 (/opt/ros/humble/share/rmw_fastrtps_cpp/cmake)
[0.871s] -- Using RMW implementation 'rmw_fastrtps_cpp' as default
[1.162s] -- Found ament_lint_auto: 0.12.10 (/opt/ros/humble/share/ament_lint_auto/cmake)
[1.320s] -- Added test 'copyright' to check source files copyright and LICENSE
[1.323s] -- Added test 'cppcheck' to perform static code analysis on C / C++ code
[1.323s] -- Configured cppcheck include dirs: 
[1.323s] -- Configured cppcheck exclude dirs and/or files: 
[1.326s] -- Added test 'cpplint' to check C / C++ code against the Google style
[1.326s] -- Configured cpplint exclude dirs and/or files: 
[1.327s] -- Added test 'flake8' to check Python code syntax and style conventions
[1.328s] -- Added test 'lint_cmake' to check CMake code style
[1.328s] -- Added test 'pep257' to check Python code against some of the docstring style conventions in PEP 257
[1.331s] -- Added test 'uncrustify' to check C / C++ code style
[1.332s] -- Configured uncrustify additional arguments: 
[1.332s] -- Added test 'xmllint' to check XML markup files
[1.334s] -- Configuring done
[1.356s] -- Generating done
[1.359s] -- Build files have been written to: /home/aidan/ros_ws/build/ana
[1.426s] [35m[1mConsolidate compiler generated dependencies of target pid_node[0m
[1.470s] [100%] Built target pid_node
[1.498s] Invoked command in '/home/aidan/ros_ws/build/ana' returned '0': CMAKE_PREFIX_PATH=${CMAKE_PREFIX_PATH}:/opt/ros/humble /usr/bin/cmake --build /home/aidan/ros_ws/build/ana -- -j6 -l6
