[0.031s] Invoking command in '/home/aidan/ros_ws/build/ana_1_1': CMAKE_PREFIX_PATH=${CMAKE_PREFIX_PATH}:/opt/ros/humble /usr/bin/cmake --build /home/aidan/ros_ws/build/ana_1_1 -- -j6 -l6
[0.142s] [100%] Built target controller_node
[0.176s] Invoked command in '/home/aidan/ros_ws/build/ana_1_1' returned '0': CMAKE_PREFIX_PATH=${CMAKE_PREFIX_PATH}:/opt/ros/humble /usr/bin/cmake --build /home/aidan/ros_ws/build/ana_1_1 -- -j6 -l6
[0.243s] Invoking command in '/home/aidan/ros_ws/build/ana_1_1': CMAKE_PREFIX_PATH=${CMAKE_PREFIX_PATH}:/opt/ros/humble /usr/bin/cmake --install /home/aidan/ros_ws/build/ana_1_1
[0.260s] -- Install configuration: ""
[0.268s] -- Up-to-date: /home/aidan/ros_ws/install/ana_1_1/lib/ana_1_1/controller_node
[0.273s] -- Up-to-date: /home/aidan/ros_ws/install/ana_1_1/share/ana_1_1//meshes
[0.276s] -- Up-to-date: /home/aidan/ros_ws/install/ana_1_1/share/ana_1_1//meshes/ana_chassis.stl
[0.278s] -- Up-to-date: /home/aidan/ros_ws/install/ana_1_1/share/ana_1_1//meshes/d435i.stl
[0.278s] -- Up-to-date: /home/aidan/ros_ws/install/ana_1_1/share/ana_1_1//worlds
[0.280s] -- Installing: /home/aidan/ros_ws/install/ana_1_1/share/ana_1_1//worlds/ana_robot_world.sdf
[0.283s] -- Up-to-date: /home/aidan/ros_ws/install/ana_1_1/share/ana_1_1//launch
[0.286s] -- Up-to-date: /home/aidan/ros_ws/install/ana_1_1/share/ana_1_1//description
[0.287s] -- Up-to-date: /home/aidan/ros_ws/install/ana_1_1/share/ana_1_1//description/robot_core.urdf
[0.288s] -- Up-to-date: /home/aidan/ros_ws/install/ana_1_1/share/ana_1_1//description/depth_camera.urdf
[0.289s] -- Up-to-date: /home/aidan/ros_ws/install/ana_1_1/share/ana_1_1//description/depth_camera.xacro
[0.289s] -- Up-to-date: /home/aidan/ros_ws/install/ana_1_1/share/ana_1_1//description/robot.urdf.xacro
[0.290s] -- Up-to-date: /home/aidan/ros_ws/install/ana_1_1/share/ana_1_1//config
[0.291s] -- Up-to-date: /home/aidan/ros_ws/install/ana_1_1/share/ana_1_1//config/robot_visualization.rviz
[0.292s] -- Up-to-date: /home/aidan/ros_ws/install/ana_1_1/share/ana_1_1//config/empty.rviz
[0.293s] -- Up-to-date: /home/aidan/ros_ws/install/ana_1_1/share/ana_1_1//config/ana.rviz
[0.295s] -- Up-to-date: /home/aidan/ros_ws/install/ana_1_1/share/ana_1_1/launch
[0.296s] -- Installing: /home/aidan/ros_ws/install/ana_1_1/share/ana_1_1/launch/robot_simulation.launch.py
[0.298s] -- Up-to-date: /home/aidan/ros_ws/install/ana_1_1/share/ament_index/resource_index/package_run_dependencies/ana_1_1
[0.298s] -- Up-to-date: /home/aidan/ros_ws/install/ana_1_1/share/ament_index/resource_index/parent_prefix_path/ana_1_1
[0.300s] -- Up-to-date: /home/aidan/ros_ws/install/ana_1_1/share/ana_1_1/environment/ament_prefix_path.sh
[0.303s] -- Up-to-date: /home/aidan/ros_ws/install/ana_1_1/share/ana_1_1/environment/ament_prefix_path.dsv
[0.303s] -- Up-to-date: /home/aidan/ros_ws/install/ana_1_1/share/ana_1_1/environment/path.sh
[0.304s] -- Up-to-date: /home/aidan/ros_ws/install/ana_1_1/share/ana_1_1/environment/path.dsv
[0.305s] -- Up-to-date: /home/aidan/ros_ws/install/ana_1_1/share/ana_1_1/local_setup.bash
[0.306s] -- Up-to-date: /home/aidan/ros_ws/install/ana_1_1/share/ana_1_1/local_setup.sh
[0.307s] -- Up-to-date: /home/aidan/ros_ws/install/ana_1_1/share/ana_1_1/local_setup.zsh
[0.308s] -- Up-to-date: /home/aidan/ros_ws/install/ana_1_1/share/ana_1_1/local_setup.dsv
[0.310s] -- Installing: /home/aidan/ros_ws/install/ana_1_1/share/ana_1_1/package.dsv
[0.311s] -- Up-to-date: /home/aidan/ros_ws/install/ana_1_1/share/ament_index/resource_index/packages/ana_1_1
[0.311s] -- Up-to-date: /home/aidan/ros_ws/install/ana_1_1/share/ana_1_1/cmake/ana_1_1Config.cmake
[0.314s] -- Up-to-date: /home/aidan/ros_ws/install/ana_1_1/share/ana_1_1/cmake/ana_1_1Config-version.cmake
[0.314s] -- Up-to-date: /home/aidan/ros_ws/install/ana_1_1/share/ana_1_1/package.xml
[0.330s] Invoked command in '/home/aidan/ros_ws/build/ana_1_1' returned '0': CMAKE_PREFIX_PATH=${CMAKE_PREFIX_PATH}:/opt/ros/humble /usr/bin/cmake --install /home/aidan/ros_ws/build/ana_1_1
