[0.045s] Invoking command in '/home/aidan/ros_ws/build/ana': CMAKE_PREFIX_PATH=${CMAKE_PREFIX_PATH}:/opt/ros/humble /usr/bin/cmake --build /home/aidan/ros_ws/build/ana -- -j6 -l6
[0.164s] [100%] Built target pid_node
[0.190s] Invoked command in '/home/aidan/ros_ws/build/ana' returned '0': CMAKE_PREFIX_PATH=${CMAKE_PREFIX_PATH}:/opt/ros/humble /usr/bin/cmake --build /home/aidan/ros_ws/build/ana -- -j6 -l6
[0.261s] Invoking command in '/home/aidan/ros_ws/build/ana': CMAKE_PREFIX_PATH=${CMAKE_PREFIX_PATH}:/opt/ros/humble /usr/bin/cmake --install /home/aidan/ros_ws/build/ana
[0.278s] -- Install configuration: ""
[0.279s] -- Up-to-date: /home/aidan/ros_ws/install/ana/lib/ana/pid_node
[0.280s] -- Up-to-date: /home/aidan/ros_ws/install/ana/share/ana/config
[0.281s] -- Up-to-date: /home/aidan/ros_ws/install/ana/share/ana/config/simulation_depth.rviz
[0.281s] -- Up-to-date: /home/aidan/ros_ws/install/ana/share/ana/config/gazebo_params.yaml
[0.282s] -- Up-to-date: /home/aidan/ros_ws/install/ana/share/ana/config/my_controllers.yaml
[0.282s] -- Up-to-date: /home/aidan/ros_ws/install/ana/share/ana/config/ana.rviz
[0.282s] -- Up-to-date: /home/aidan/ros_ws/install/ana/share/ana/config/diff_drive_bot.rviz
[0.283s] -- Up-to-date: /home/aidan/ros_ws/install/ana/share/ana/description
[0.283s] -- Up-to-date: /home/aidan/ros_ws/install/ana/share/ana/description/inertial_macros.xacro
[0.283s] -- Up-to-date: /home/aidan/ros_ws/install/ana/share/ana/description/depth_camera.sdf
[0.284s] -- Up-to-date: /home/aidan/ros_ws/install/ana/share/ana/description/robot_core.urdf
[0.284s] -- Up-to-date: /home/aidan/ros_ws/install/ana/share/ana/description/gazebo_diff_control.xacro
[0.285s] -- Up-to-date: /home/aidan/ros_ws/install/ana/share/ana/description/camera.xacro
[0.285s] -- Up-to-date: /home/aidan/ros_ws/install/ana/share/ana/description/depth_camera.urdf
[0.286s] -- Up-to-date: /home/aidan/ros_ws/install/ana/share/ana/description/depth_camera.xacro
[0.287s] -- Up-to-date: /home/aidan/ros_ws/install/ana/share/ana/description/robot_core.xacro
[0.288s] -- Up-to-date: /home/aidan/ros_ws/install/ana/share/ana/description/robot.urdf.xacro
[0.288s] -- Up-to-date: /home/aidan/ros_ws/install/ana/share/ana/description/robot_core.sdf
[0.288s] -- Up-to-date: /home/aidan/ros_ws/install/ana/share/ana/description/ros2_diff_control.xacro
[0.289s] -- Up-to-date: /home/aidan/ros_ws/install/ana/share/ana/launch
[0.289s] -- Up-to-date: /home/aidan/ros_ws/install/ana/share/ana/launch/launch_sim.launch.py
[0.290s] -- Up-to-date: /home/aidan/ros_ws/install/ana/share/ana/launch/gz_sim_empty.launch.py
[0.290s] -- Up-to-date: /home/aidan/ros_ws/install/ana/share/ana/launch/rsp.launch.py
[0.291s] -- Up-to-date: /home/aidan/ros_ws/install/ana/share/ana/meshes
[0.291s] -- Up-to-date: /home/aidan/ros_ws/install/ana/share/ana/meshes/ana_chassis.stl
[0.292s] -- Up-to-date: /home/aidan/ros_ws/install/ana/share/ana/meshes/d435i.stl
[0.292s] -- Up-to-date: /home/aidan/ros_ws/install/ana/share/ana/worlds
[0.293s] -- Up-to-date: /home/aidan/ros_ws/install/ana/share/ana/worlds/empty.sdf
[0.293s] -- Up-to-date: /home/aidan/ros_ws/install/ana/share/ana/worlds/default_world.sdf
[0.294s] -- Up-to-date: /home/aidan/ros_ws/install/ana/share/ana/worlds/obstacles.world
[0.294s] -- Up-to-date: /home/aidan/ros_ws/install/ana/share/ament_index/resource_index/package_run_dependencies/ana
[0.295s] -- Up-to-date: /home/aidan/ros_ws/install/ana/share/ament_index/resource_index/parent_prefix_path/ana
[0.296s] -- Up-to-date: /home/aidan/ros_ws/install/ana/share/ana/environment/ament_prefix_path.sh
[0.296s] -- Up-to-date: /home/aidan/ros_ws/install/ana/share/ana/environment/ament_prefix_path.dsv
[0.297s] -- Up-to-date: /home/aidan/ros_ws/install/ana/share/ana/environment/path.sh
[0.300s] -- Up-to-date: /home/aidan/ros_ws/install/ana/share/ana/environment/path.dsv
[0.301s] -- Up-to-date: /home/aidan/ros_ws/install/ana/share/ana/local_setup.bash
[0.302s] -- Up-to-date: /home/aidan/ros_ws/install/ana/share/ana/local_setup.sh
[0.302s] -- Up-to-date: /home/aidan/ros_ws/install/ana/share/ana/local_setup.zsh
[0.303s] -- Up-to-date: /home/aidan/ros_ws/install/ana/share/ana/local_setup.dsv
[0.303s] -- Installing: /home/aidan/ros_ws/install/ana/share/ana/package.dsv
[0.309s] -- Up-to-date: /home/aidan/ros_ws/install/ana/share/ament_index/resource_index/packages/ana
[0.309s] -- Up-to-date: /home/aidan/ros_ws/install/ana/share/ana/cmake/anaConfig.cmake
[0.310s] -- Up-to-date: /home/aidan/ros_ws/install/ana/share/ana/cmake/anaConfig-version.cmake
[0.310s] -- Up-to-date: /home/aidan/ros_ws/install/ana/share/ana/package.xml
[0.331s] Invoked command in '/home/aidan/ros_ws/build/ana' returned '0': CMAKE_PREFIX_PATH=${CMAKE_PREFIX_PATH}:/opt/ros/humble /usr/bin/cmake --install /home/aidan/ros_ws/build/ana
