[0.031s] Invoking command in '/home/aidan/ros_ws/build/ana_1_1': CMAKE_PREFIX_PATH=${CMAKE_PREFIX_PATH}:/opt/ros/humble /usr/bin/cmake --build /home/aidan/ros_ws/build/ana_1_1 -- -j6 -l6
[0.147s] [100%] Built target controller_node
[0.173s] Invoked command in '/home/aidan/ros_ws/build/ana_1_1' returned '0': CMAKE_PREFIX_PATH=${CMAKE_PREFIX_PATH}:/opt/ros/humble /usr/bin/cmake --build /home/aidan/ros_ws/build/ana_1_1 -- -j6 -l6
[0.229s] Invoking command in '/home/aidan/ros_ws/build/ana_1_1': CMAKE_PREFIX_PATH=${CMAKE_PREFIX_PATH}:/opt/ros/humble /usr/bin/cmake --install /home/aidan/ros_ws/build/ana_1_1
[0.265s] -- Install configuration: ""
[0.270s] -- Up-to-date: /home/aidan/ros_ws/install/ana_1_1/lib/ana_1_1/controller_node
[0.270s] -- Up-to-date: /home/aidan/ros_ws/install/ana_1_1/share/ana_1_1//meshes
[0.271s] -- Up-to-date: /home/aidan/ros_ws/install/ana_1_1/share/ana_1_1//meshes/ana_chassis.stl
[0.272s] -- Up-to-date: /home/aidan/ros_ws/install/ana_1_1/share/ana_1_1//meshes/d435i.stl
[0.272s] -- Up-to-date: /home/aidan/ros_ws/install/ana_1_1/share/ana_1_1//worlds
[0.274s] -- Installing: /home/aidan/ros_ws/install/ana_1_1/share/ana_1_1//worlds/ana_robot_world.sdf
[0.275s] -- Up-to-date: /home/aidan/ros_ws/install/ana_1_1/share/ana_1_1//launch
[0.277s] -- Up-to-date: /home/aidan/ros_ws/install/ana_1_1/share/ana_1_1//description
[0.277s] -- Up-to-date: /home/aidan/ros_ws/install/ana_1_1/share/ana_1_1//description/robot_core.urdf
[0.279s] -- Up-to-date: /home/aidan/ros_ws/install/ana_1_1/share/ana_1_1//description/depth_camera.urdf
[0.279s] -- Up-to-date: /home/aidan/ros_ws/install/ana_1_1/share/ana_1_1//description/depth_camera.xacro
[0.284s] -- Up-to-date: /home/aidan/ros_ws/install/ana_1_1/share/ana_1_1//description/robot_core.xacro
[0.285s] -- Up-to-date: /home/aidan/ros_ws/install/ana_1_1/share/ana_1_1//description/robot.urdf.xacro
[0.288s] -- Up-to-date: /home/aidan/ros_ws/install/ana_1_1/share/ana_1_1//config
[0.290s] -- Up-to-date: /home/aidan/ros_ws/install/ana_1_1/share/ana_1_1//config/robot_visualization.rviz
[0.293s] -- Up-to-date: /home/aidan/ros_ws/install/ana_1_1/share/ana_1_1//config/empty.rviz
[0.293s] -- Up-to-date: /home/aidan/ros_ws/install/ana_1_1/share/ana_1_1//config/ana.rviz
[0.293s] -- Up-to-date: /home/aidan/ros_ws/install/ana_1_1/share/ana_1_1/launch
[0.294s] -- Up-to-date: /home/aidan/ros_ws/install/ana_1_1/share/ana_1_1/launch/robot_simulation.launch.py
[0.295s] -- Up-to-date: /home/aidan/ros_ws/install/ana_1_1/share/ament_index/resource_index/package_run_dependencies/ana_1_1
[0.296s] -- Up-to-date: /home/aidan/ros_ws/install/ana_1_1/share/ament_index/resource_index/parent_prefix_path/ana_1_1
[0.297s] -- Up-to-date: /home/aidan/ros_ws/install/ana_1_1/share/ana_1_1/environment/ament_prefix_path.sh
[0.297s] -- Up-to-date: /home/aidan/ros_ws/install/ana_1_1/share/ana_1_1/environment/ament_prefix_path.dsv
[0.299s] -- Up-to-date: /home/aidan/ros_ws/install/ana_1_1/share/ana_1_1/environment/path.sh
[0.300s] -- Up-to-date: /home/aidan/ros_ws/install/ana_1_1/share/ana_1_1/environment/path.dsv
[0.301s] -- Up-to-date: /home/aidan/ros_ws/install/ana_1_1/share/ana_1_1/local_setup.bash
[0.301s] -- Up-to-date: /home/aidan/ros_ws/install/ana_1_1/share/ana_1_1/local_setup.sh
[0.304s] -- Up-to-date: /home/aidan/ros_ws/install/ana_1_1/share/ana_1_1/local_setup.zsh
[0.304s] -- Up-to-date: /home/aidan/ros_ws/install/ana_1_1/share/ana_1_1/local_setup.dsv
[0.305s] -- Installing: /home/aidan/ros_ws/install/ana_1_1/share/ana_1_1/package.dsv
[0.306s] -- Up-to-date: /home/aidan/ros_ws/install/ana_1_1/share/ament_index/resource_index/packages/ana_1_1
[0.306s] -- Up-to-date: /home/aidan/ros_ws/install/ana_1_1/share/ana_1_1/cmake/ana_1_1Config.cmake
[0.308s] -- Up-to-date: /home/aidan/ros_ws/install/ana_1_1/share/ana_1_1/cmake/ana_1_1Config-version.cmake
[0.308s] -- Up-to-date: /home/aidan/ros_ws/install/ana_1_1/share/ana_1_1/package.xml
[0.318s] Invoked command in '/home/aidan/ros_ws/build/ana_1_1' returned '0': CMAKE_PREFIX_PATH=${CMAKE_PREFIX_PATH}:/opt/ros/humble /usr/bin/cmake --install /home/aidan/ros_ws/build/ana_1_1
