[0.229s] DEBUG:colcon:Command line arguments: ['/usr/bin/colcon', 'build']
[0.230s] DEBUG:colcon:Parsed command line arguments: Namespace(log_base=None, log_level=None, verb_name='build', build_base='build', install_base='install', merge_install=False, symlink_install=False, test_result_base=None, continue_on_error=False, executor='parallel', parallel_workers=6, event_handlers=None, ignore_user_meta=False, metas=['./colcon.meta'], base_paths=['.'], packages_ignore=None, packages_ignore_regex=None, paths=None, packages_up_to=None, packages_up_to_regex=None, packages_above=None, packages_above_and_dependencies=None, packages_above_depth=None, packages_select_by_dep=None, packages_skip_by_dep=None, packages_skip_up_to=None, packages_select_build_failed=False, packages_skip_build_finished=False, packages_select_test_failures=False, packages_skip_test_passed=False, packages_select=None, packages_skip=None, packages_select_regex=None, packages_skip_regex=None, packages_start=None, packages_end=None, allow_overriding=[], cmake_args=None, cmake_target=None, cmake_target_skip_unavailable=False, cmake_clean_cache=False, cmake_clean_first=False, cmake_force_configure=False, ament_cmake_args=None, catkin_cmake_args=None, catkin_skip_building_tests=False, mixin_files=None, mixin=None, verb_parser=<colcon_mixin.mixin.mixin_argument.MixinArgumentDecorator object at 0xffffb3afb100>, verb_extension=<colcon_core.verb.build.BuildVerb object at 0xffffb3ceca90>, main=<bound method BuildVerb.main of <colcon_core.verb.build.BuildVerb object at 0xffffb3ceca90>>, mixin_verb=('build',))
[0.617s] Level 1:colcon.colcon_core.package_discovery:discover_packages(colcon_meta) check parameters
[0.617s] Level 1:colcon.colcon_core.package_discovery:discover_packages(recursive) check parameters
[0.617s] Level 1:colcon.colcon_core.package_discovery:discover_packages(ignore) check parameters
[0.617s] Level 1:colcon.colcon_core.package_discovery:discover_packages(path) check parameters
[0.617s] Level 1:colcon.colcon_core.package_discovery:discover_packages(colcon_meta) discover
[0.618s] Level 1:colcon.colcon_core.package_discovery:discover_packages(recursive) discover
[0.618s] INFO:colcon.colcon_core.package_discovery:Crawling recursively for packages in '/home/aidan/ros_ws'
[0.618s] Level 1:colcon.colcon_core.package_identification:_identify(.) by extensions ['ignore', 'ignore_ament_install']
[0.618s] Level 1:colcon.colcon_core.package_identification:_identify(.) by extension 'ignore'
[0.618s] Level 1:colcon.colcon_core.package_identification:_identify(.) by extension 'ignore_ament_install'
[0.619s] Level 1:colcon.colcon_core.package_identification:_identify(.) by extensions ['colcon_pkg']
[0.619s] Level 1:colcon.colcon_core.package_identification:_identify(.) by extension 'colcon_pkg'
[0.619s] Level 1:colcon.colcon_core.package_identification:_identify(.) by extensions ['colcon_meta']
[0.619s] Level 1:colcon.colcon_core.package_identification:_identify(.) by extension 'colcon_meta'
[0.619s] Level 1:colcon.colcon_core.package_identification:_identify(.) by extensions ['ros']
[0.619s] Level 1:colcon.colcon_core.package_identification:_identify(.) by extension 'ros'
[0.641s] Level 1:colcon.colcon_core.package_identification:_identify(.) by extensions ['cmake', 'python']
[0.642s] Level 1:colcon.colcon_core.package_identification:_identify(.) by extension 'cmake'
[0.642s] Level 1:colcon.colcon_core.package_identification:_identify(.) by extension 'python'
[0.642s] Level 1:colcon.colcon_core.package_identification:_identify(.) by extensions ['python_setup_py']
[0.642s] Level 1:colcon.colcon_core.package_identification:_identify(.) by extension 'python_setup_py'
[0.642s] Level 1:colcon.colcon_core.package_identification:_identify(build) by extensions ['ignore', 'ignore_ament_install']
[0.642s] Level 1:colcon.colcon_core.package_identification:_identify(build) by extension 'ignore'
[0.643s] Level 1:colcon.colcon_core.package_identification:_identify(build) ignored
[0.643s] Level 1:colcon.colcon_core.package_identification:_identify(install) by extensions ['ignore', 'ignore_ament_install']
[0.643s] Level 1:colcon.colcon_core.package_identification:_identify(install) by extension 'ignore'
[0.643s] Level 1:colcon.colcon_core.package_identification:_identify(install) ignored
[0.643s] Level 1:colcon.colcon_core.package_identification:_identify(log) by extensions ['ignore', 'ignore_ament_install']
[0.644s] Level 1:colcon.colcon_core.package_identification:_identify(log) by extension 'ignore'
[0.644s] Level 1:colcon.colcon_core.package_identification:_identify(log) ignored
[0.644s] Level 1:colcon.colcon_core.package_identification:_identify(src) by extensions ['ignore', 'ignore_ament_install']
[0.644s] Level 1:colcon.colcon_core.package_identification:_identify(src) by extension 'ignore'
[0.644s] Level 1:colcon.colcon_core.package_identification:_identify(src) by extension 'ignore_ament_install'
[0.644s] Level 1:colcon.colcon_core.package_identification:_identify(src) by extensions ['colcon_pkg']
[0.644s] Level 1:colcon.colcon_core.package_identification:_identify(src) by extension 'colcon_pkg'
[0.645s] Level 1:colcon.colcon_core.package_identification:_identify(src) by extensions ['colcon_meta']
[0.645s] Level 1:colcon.colcon_core.package_identification:_identify(src) by extension 'colcon_meta'
[0.645s] Level 1:colcon.colcon_core.package_identification:_identify(src) by extensions ['ros']
[0.645s] Level 1:colcon.colcon_core.package_identification:_identify(src) by extension 'ros'
[0.645s] Level 1:colcon.colcon_core.package_identification:_identify(src) by extensions ['cmake', 'python']
[0.645s] Level 1:colcon.colcon_core.package_identification:_identify(src) by extension 'cmake'
[0.645s] Level 1:colcon.colcon_core.package_identification:_identify(src) by extension 'python'
[0.645s] Level 1:colcon.colcon_core.package_identification:_identify(src) by extensions ['python_setup_py']
[0.645s] Level 1:colcon.colcon_core.package_identification:_identify(src) by extension 'python_setup_py'
[0.646s] Level 1:colcon.colcon_core.package_identification:_identify(src/ana) by extensions ['ignore', 'ignore_ament_install']
[0.646s] Level 1:colcon.colcon_core.package_identification:_identify(src/ana) by extension 'ignore'
[0.646s] Level 1:colcon.colcon_core.package_identification:_identify(src/ana) by extension 'ignore_ament_install'
[0.646s] Level 1:colcon.colcon_core.package_identification:_identify(src/ana) by extensions ['colcon_pkg']
[0.646s] Level 1:colcon.colcon_core.package_identification:_identify(src/ana) by extension 'colcon_pkg'
[0.646s] Level 1:colcon.colcon_core.package_identification:_identify(src/ana) by extensions ['colcon_meta']
[0.646s] Level 1:colcon.colcon_core.package_identification:_identify(src/ana) by extension 'colcon_meta'
[0.646s] Level 1:colcon.colcon_core.package_identification:_identify(src/ana) by extensions ['ros']
[0.646s] Level 1:colcon.colcon_core.package_identification:_identify(src/ana) by extension 'ros'
[0.651s] DEBUG:colcon.colcon_core.package_identification:Package 'src/ana' with type 'ros.ament_cmake' and name 'ana'
[0.652s] Level 1:colcon.colcon_core.package_identification:_identify(src/ana_1_1) by extensions ['ignore', 'ignore_ament_install']
[0.652s] Level 1:colcon.colcon_core.package_identification:_identify(src/ana_1_1) by extension 'ignore'
[0.652s] Level 1:colcon.colcon_core.package_identification:_identify(src/ana_1_1) by extension 'ignore_ament_install'
[0.652s] Level 1:colcon.colcon_core.package_identification:_identify(src/ana_1_1) by extensions ['colcon_pkg']
[0.652s] Level 1:colcon.colcon_core.package_identification:_identify(src/ana_1_1) by extension 'colcon_pkg'
[0.652s] Level 1:colcon.colcon_core.package_identification:_identify(src/ana_1_1) by extensions ['colcon_meta']
[0.652s] Level 1:colcon.colcon_core.package_identification:_identify(src/ana_1_1) by extension 'colcon_meta'
[0.653s] Level 1:colcon.colcon_core.package_identification:_identify(src/ana_1_1) by extensions ['ros']
[0.653s] Level 1:colcon.colcon_core.package_identification:_identify(src/ana_1_1) by extension 'ros'
[0.654s] DEBUG:colcon.colcon_core.package_identification:Package 'src/ana_1_1' with type 'ros.ament_cmake' and name 'ana_1_1'
[0.654s] Level 1:colcon.colcon_core.package_discovery:discover_packages(recursive) using defaults
[0.654s] Level 1:colcon.colcon_core.package_discovery:discover_packages(ignore) discover
[0.654s] Level 1:colcon.colcon_core.package_discovery:discover_packages(ignore) using defaults
[0.654s] Level 1:colcon.colcon_core.package_discovery:discover_packages(path) discover
[0.654s] Level 1:colcon.colcon_core.package_discovery:discover_packages(path) using defaults
[0.722s] Level 1:colcon.colcon_core.package_discovery:discover_packages(prefix_path) check parameters
[0.722s] Level 1:colcon.colcon_core.package_discovery:discover_packages(prefix_path) discover
[0.726s] DEBUG:colcon.colcon_installed_package_information.package_discovery:Found 2 installed packages in /home/aidan/ros_ws/install
[0.729s] DEBUG:colcon.colcon_installed_package_information.package_discovery:Found 408 installed packages in /opt/ros/humble
[0.733s] Level 1:colcon.colcon_core.package_discovery:discover_packages(prefix_path) using defaults
[0.839s] Level 5:colcon.colcon_core.verb:set package 'ana' build argument 'cmake_args' from command line to 'None'
[0.839s] Level 5:colcon.colcon_core.verb:set package 'ana' build argument 'cmake_target' from command line to 'None'
[0.839s] Level 5:colcon.colcon_core.verb:set package 'ana' build argument 'cmake_target_skip_unavailable' from command line to 'False'
[0.839s] Level 5:colcon.colcon_core.verb:set package 'ana' build argument 'cmake_clean_cache' from command line to 'False'
[0.839s] Level 5:colcon.colcon_core.verb:set package 'ana' build argument 'cmake_clean_first' from command line to 'False'
[0.839s] Level 5:colcon.colcon_core.verb:set package 'ana' build argument 'cmake_force_configure' from command line to 'False'
[0.839s] Level 5:colcon.colcon_core.verb:set package 'ana' build argument 'ament_cmake_args' from command line to 'None'
[0.839s] Level 5:colcon.colcon_core.verb:set package 'ana' build argument 'catkin_cmake_args' from command line to 'None'
[0.839s] Level 5:colcon.colcon_core.verb:set package 'ana' build argument 'catkin_skip_building_tests' from command line to 'False'
[0.839s] DEBUG:colcon.colcon_core.verb:Building package 'ana' with the following arguments: {'ament_cmake_args': None, 'build_base': '/home/aidan/ros_ws/build/ana', 'catkin_cmake_args': None, 'catkin_skip_building_tests': False, 'cmake_args': None, 'cmake_clean_cache': False, 'cmake_clean_first': False, 'cmake_force_configure': False, 'cmake_target': None, 'cmake_target_skip_unavailable': False, 'install_base': '/home/aidan/ros_ws/install/ana', 'merge_install': False, 'path': '/home/aidan/ros_ws/src/ana', 'symlink_install': False, 'test_result_base': None}
[0.840s] Level 5:colcon.colcon_core.verb:set package 'ana_1_1' build argument 'cmake_args' from command line to 'None'
[0.840s] Level 5:colcon.colcon_core.verb:set package 'ana_1_1' build argument 'cmake_target' from command line to 'None'
[0.840s] Level 5:colcon.colcon_core.verb:set package 'ana_1_1' build argument 'cmake_target_skip_unavailable' from command line to 'False'
[0.841s] Level 5:colcon.colcon_core.verb:set package 'ana_1_1' build argument 'cmake_clean_cache' from command line to 'False'
[0.841s] Level 5:colcon.colcon_core.verb:set package 'ana_1_1' build argument 'cmake_clean_first' from command line to 'False'
[0.841s] Level 5:colcon.colcon_core.verb:set package 'ana_1_1' build argument 'cmake_force_configure' from command line to 'False'
[0.841s] Level 5:colcon.colcon_core.verb:set package 'ana_1_1' build argument 'ament_cmake_args' from command line to 'None'
[0.841s] Level 5:colcon.colcon_core.verb:set package 'ana_1_1' build argument 'catkin_cmake_args' from command line to 'None'
[0.841s] Level 5:colcon.colcon_core.verb:set package 'ana_1_1' build argument 'catkin_skip_building_tests' from command line to 'False'
[0.841s] DEBUG:colcon.colcon_core.verb:Building package 'ana_1_1' with the following arguments: {'ament_cmake_args': None, 'build_base': '/home/aidan/ros_ws/build/ana_1_1', 'catkin_cmake_args': None, 'catkin_skip_building_tests': False, 'cmake_args': None, 'cmake_clean_cache': False, 'cmake_clean_first': False, 'cmake_force_configure': False, 'cmake_target': None, 'cmake_target_skip_unavailable': False, 'install_base': '/home/aidan/ros_ws/install/ana_1_1', 'merge_install': False, 'path': '/home/aidan/ros_ws/src/ana_1_1', 'symlink_install': False, 'test_result_base': None}
[0.841s] INFO:colcon.colcon_core.executor:Executing jobs using 'parallel' executor
[0.843s] DEBUG:colcon.colcon_parallel_executor.executor.parallel:run_until_complete
[0.844s] INFO:colcon.colcon_ros.task.ament_cmake.build:Building ROS package in '/home/aidan/ros_ws/src/ana' with build type 'ament_cmake'
[0.844s] INFO:colcon.colcon_cmake.task.cmake.build:Building CMake package in '/home/aidan/ros_ws/src/ana'
[0.849s] INFO:colcon.colcon_core.plugin_system:Skipping extension 'colcon_core.shell.bat': Not used on non-Windows systems
[0.849s] INFO:colcon.colcon_core.shell:Skip shell extension 'powershell' for command environment: Not usable outside of PowerShell
[0.849s] DEBUG:colcon.colcon_core.shell:Skip shell extension 'dsv' for command environment
[0.858s] INFO:colcon.colcon_ros.task.ament_cmake.build:Building ROS package in '/home/aidan/ros_ws/src/ana_1_1' with build type 'ament_cmake'
[0.858s] INFO:colcon.colcon_cmake.task.cmake.build:Building CMake package in '/home/aidan/ros_ws/src/ana_1_1'
[0.859s] INFO:colcon.colcon_core.shell:Skip shell extension 'powershell' for command environment: Not usable outside of PowerShell
[0.859s] DEBUG:colcon.colcon_core.shell:Skip shell extension 'dsv' for command environment
[0.875s] DEBUG:colcon.colcon_core.event_handler.log_command:Invoking command in '/home/aidan/ros_ws/build/ana': CMAKE_PREFIX_PATH=${CMAKE_PREFIX_PATH}:/opt/ros/humble /usr/bin/cmake --build /home/aidan/ros_ws/build/ana -- -j6 -l6
[0.888s] DEBUG:colcon.colcon_core.event_handler.log_command:Invoking command in '/home/aidan/ros_ws/build/ana_1_1': CMAKE_PREFIX_PATH=${CMAKE_PREFIX_PATH}:/opt/ros/humble /usr/bin/cmake --build /home/aidan/ros_ws/build/ana_1_1 -- -j6 -l6
[1.025s] DEBUG:colcon.colcon_core.event_handler.log_command:Invoked command in '/home/aidan/ros_ws/build/ana_1_1' returned '0': CMAKE_PREFIX_PATH=${CMAKE_PREFIX_PATH}:/opt/ros/humble /usr/bin/cmake --build /home/aidan/ros_ws/build/ana_1_1 -- -j6 -l6
[1.030s] DEBUG:colcon.colcon_core.event_handler.log_command:Invoked command in '/home/aidan/ros_ws/build/ana' returned '0': CMAKE_PREFIX_PATH=${CMAKE_PREFIX_PATH}:/opt/ros/humble /usr/bin/cmake --build /home/aidan/ros_ws/build/ana -- -j6 -l6
[1.094s] DEBUG:colcon.colcon_core.event_handler.log_command:Invoking command in '/home/aidan/ros_ws/build/ana': CMAKE_PREFIX_PATH=${CMAKE_PREFIX_PATH}:/opt/ros/humble /usr/bin/cmake --install /home/aidan/ros_ws/build/ana
[1.098s] DEBUG:colcon.colcon_core.event_handler.log_command:Invoking command in '/home/aidan/ros_ws/build/ana_1_1': CMAKE_PREFIX_PATH=${CMAKE_PREFIX_PATH}:/opt/ros/humble /usr/bin/cmake --install /home/aidan/ros_ws/build/ana_1_1
[1.118s] Level 1:colcon.colcon_core.environment:create_environment_scripts_only(ana_1_1)
[1.137s] Level 1:colcon.colcon_core.environment:checking '/home/aidan/ros_ws/install/ana_1_1' for CMake module files
[1.143s] Level 1:colcon.colcon_core.environment:checking '/home/aidan/ros_ws/install/ana_1_1' for CMake config files
[1.149s] Level 1:colcon.colcon_core.shell:create_environment_hook('ana_1_1', 'cmake_prefix_path')
[1.150s] INFO:colcon.colcon_core.shell:Creating environment hook '/home/aidan/ros_ws/install/ana_1_1/share/ana_1_1/hook/cmake_prefix_path.ps1'
[1.152s] DEBUG:colcon.colcon_core.event_handler.log_command:Invoked command in '/home/aidan/ros_ws/build/ana_1_1' returned '0': CMAKE_PREFIX_PATH=${CMAKE_PREFIX_PATH}:/opt/ros/humble /usr/bin/cmake --install /home/aidan/ros_ws/build/ana_1_1
[1.153s] INFO:colcon.colcon_core.shell:Creating environment descriptor '/home/aidan/ros_ws/install/ana_1_1/share/ana_1_1/hook/cmake_prefix_path.dsv'
[1.155s] INFO:colcon.colcon_core.shell:Creating environment hook '/home/aidan/ros_ws/install/ana_1_1/share/ana_1_1/hook/cmake_prefix_path.sh'
[1.158s] Level 1:colcon.colcon_core.environment:checking '/home/aidan/ros_ws/install/ana_1_1/lib'
[1.159s] Level 1:colcon.colcon_core.environment:checking '/home/aidan/ros_ws/install/ana_1_1/bin'
[1.159s] Level 1:colcon.colcon_core.environment:checking '/home/aidan/ros_ws/install/ana_1_1/lib/pkgconfig/ana_1_1.pc'
[1.160s] Level 1:colcon.colcon_core.environment:checking '/home/aidan/ros_ws/install/ana_1_1/lib/python3.10/site-packages'
[1.161s] Level 1:colcon.colcon_core.environment:checking '/home/aidan/ros_ws/install/ana_1_1/bin'
[1.162s] INFO:colcon.colcon_core.shell:Creating package script '/home/aidan/ros_ws/install/ana_1_1/share/ana_1_1/package.ps1'
[1.165s] INFO:colcon.colcon_core.shell:Creating package descriptor '/home/aidan/ros_ws/install/ana_1_1/share/ana_1_1/package.dsv'
[1.167s] INFO:colcon.colcon_core.shell:Creating package script '/home/aidan/ros_ws/install/ana_1_1/share/ana_1_1/package.sh'
[1.169s] INFO:colcon.colcon_core.shell:Creating package script '/home/aidan/ros_ws/install/ana_1_1/share/ana_1_1/package.bash'
[1.176s] INFO:colcon.colcon_core.shell:Creating package script '/home/aidan/ros_ws/install/ana_1_1/share/ana_1_1/package.zsh'
[1.179s] Level 1:colcon.colcon_core.environment:create_file_with_runtime_dependencies(/home/aidan/ros_ws/install/ana_1_1/share/colcon-core/packages/ana_1_1)
[1.182s] Level 1:colcon.colcon_core.environment:create_environment_scripts_only(ana)
[1.183s] Level 1:colcon.colcon_core.environment:checking '/home/aidan/ros_ws/install/ana' for CMake module files
[1.185s] DEBUG:colcon.colcon_core.event_handler.log_command:Invoked command in '/home/aidan/ros_ws/build/ana' returned '0': CMAKE_PREFIX_PATH=${CMAKE_PREFIX_PATH}:/opt/ros/humble /usr/bin/cmake --install /home/aidan/ros_ws/build/ana
[1.186s] Level 1:colcon.colcon_core.environment:checking '/home/aidan/ros_ws/install/ana' for CMake config files
[1.186s] Level 1:colcon.colcon_core.shell:create_environment_hook('ana', 'cmake_prefix_path')
[1.187s] INFO:colcon.colcon_core.shell:Creating environment hook '/home/aidan/ros_ws/install/ana/share/ana/hook/cmake_prefix_path.ps1'
[1.188s] INFO:colcon.colcon_core.shell:Creating environment descriptor '/home/aidan/ros_ws/install/ana/share/ana/hook/cmake_prefix_path.dsv'
[1.189s] INFO:colcon.colcon_core.shell:Creating environment hook '/home/aidan/ros_ws/install/ana/share/ana/hook/cmake_prefix_path.sh'
[1.190s] Level 1:colcon.colcon_core.environment:checking '/home/aidan/ros_ws/install/ana/lib'
[1.190s] Level 1:colcon.colcon_core.environment:checking '/home/aidan/ros_ws/install/ana/bin'
[1.190s] Level 1:colcon.colcon_core.environment:checking '/home/aidan/ros_ws/install/ana/lib/pkgconfig/ana.pc'
[1.191s] Level 1:colcon.colcon_core.environment:checking '/home/aidan/ros_ws/install/ana/lib/python3.10/site-packages'
[1.191s] Level 1:colcon.colcon_core.environment:checking '/home/aidan/ros_ws/install/ana/bin'
[1.192s] INFO:colcon.colcon_core.shell:Creating package script '/home/aidan/ros_ws/install/ana/share/ana/package.ps1'
[1.193s] INFO:colcon.colcon_core.shell:Creating package descriptor '/home/aidan/ros_ws/install/ana/share/ana/package.dsv'
[1.194s] INFO:colcon.colcon_core.shell:Creating package script '/home/aidan/ros_ws/install/ana/share/ana/package.sh'
[1.195s] INFO:colcon.colcon_core.shell:Creating package script '/home/aidan/ros_ws/install/ana/share/ana/package.bash'
[1.196s] INFO:colcon.colcon_core.shell:Creating package script '/home/aidan/ros_ws/install/ana/share/ana/package.zsh'
[1.196s] Level 1:colcon.colcon_core.environment:create_file_with_runtime_dependencies(/home/aidan/ros_ws/install/ana/share/colcon-core/packages/ana)
[1.229s] Level 1:colcon.colcon_core.environment:create_environment_scripts_only(ana_1_1)
[1.229s] Level 1:colcon.colcon_core.environment:checking '/home/aidan/ros_ws/install/ana_1_1' for CMake module files
[1.231s] Level 1:colcon.colcon_core.environment:checking '/home/aidan/ros_ws/install/ana_1_1' for CMake config files
[1.232s] Level 1:colcon.colcon_core.shell:create_environment_hook('ana_1_1', 'cmake_prefix_path')
[1.233s] INFO:colcon.colcon_core.shell:Creating environment hook '/home/aidan/ros_ws/install/ana_1_1/share/ana_1_1/hook/cmake_prefix_path.ps1'
[1.235s] INFO:colcon.colcon_core.shell:Creating environment descriptor '/home/aidan/ros_ws/install/ana_1_1/share/ana_1_1/hook/cmake_prefix_path.dsv'
[1.236s] INFO:colcon.colcon_core.shell:Creating environment hook '/home/aidan/ros_ws/install/ana_1_1/share/ana_1_1/hook/cmake_prefix_path.sh'
[1.238s] Level 1:colcon.colcon_core.environment:checking '/home/aidan/ros_ws/install/ana_1_1/lib'
[1.239s] Level 1:colcon.colcon_core.environment:checking '/home/aidan/ros_ws/install/ana_1_1/bin'
[1.239s] Level 1:colcon.colcon_core.environment:checking '/home/aidan/ros_ws/install/ana_1_1/lib/pkgconfig/ana_1_1.pc'
[1.240s] Level 1:colcon.colcon_core.environment:checking '/home/aidan/ros_ws/install/ana_1_1/lib/python3.10/site-packages'
[1.241s] Level 1:colcon.colcon_core.environment:checking '/home/aidan/ros_ws/install/ana_1_1/bin'
[1.242s] INFO:colcon.colcon_core.shell:Creating package script '/home/aidan/ros_ws/install/ana_1_1/share/ana_1_1/package.ps1'
[1.244s] INFO:colcon.colcon_core.shell:Creating package descriptor '/home/aidan/ros_ws/install/ana_1_1/share/ana_1_1/package.dsv'
[1.246s] INFO:colcon.colcon_core.shell:Creating package script '/home/aidan/ros_ws/install/ana_1_1/share/ana_1_1/package.sh'
[1.248s] INFO:colcon.colcon_core.shell:Creating package script '/home/aidan/ros_ws/install/ana_1_1/share/ana_1_1/package.bash'
[1.249s] INFO:colcon.colcon_core.shell:Creating package script '/home/aidan/ros_ws/install/ana_1_1/share/ana_1_1/package.zsh'
[1.250s] Level 1:colcon.colcon_core.environment:create_file_with_runtime_dependencies(/home/aidan/ros_ws/install/ana_1_1/share/colcon-core/packages/ana_1_1)
[1.253s] Level 1:colcon.colcon_core.environment:create_environment_scripts_only(ana)
[1.254s] Level 1:colcon.colcon_core.environment:checking '/home/aidan/ros_ws/install/ana' for CMake module files
[1.257s] Level 1:colcon.colcon_core.environment:checking '/home/aidan/ros_ws/install/ana' for CMake config files
[1.257s] Level 1:colcon.colcon_core.shell:create_environment_hook('ana', 'cmake_prefix_path')
[1.258s] INFO:colcon.colcon_core.shell:Creating environment hook '/home/aidan/ros_ws/install/ana/share/ana/hook/cmake_prefix_path.ps1'
[1.260s] INFO:colcon.colcon_core.shell:Creating environment descriptor '/home/aidan/ros_ws/install/ana/share/ana/hook/cmake_prefix_path.dsv'
[1.261s] INFO:colcon.colcon_core.shell:Creating environment hook '/home/aidan/ros_ws/install/ana/share/ana/hook/cmake_prefix_path.sh'
[1.262s] Level 1:colcon.colcon_core.environment:checking '/home/aidan/ros_ws/install/ana/lib'
[1.262s] Level 1:colcon.colcon_core.environment:checking '/home/aidan/ros_ws/install/ana/bin'
[1.263s] Level 1:colcon.colcon_core.environment:checking '/home/aidan/ros_ws/install/ana/lib/pkgconfig/ana.pc'
[1.263s] Level 1:colcon.colcon_core.environment:checking '/home/aidan/ros_ws/install/ana/lib/python3.10/site-packages'
[1.264s] Level 1:colcon.colcon_core.environment:checking '/home/aidan/ros_ws/install/ana/bin'
[1.265s] INFO:colcon.colcon_core.shell:Creating package script '/home/aidan/ros_ws/install/ana/share/ana/package.ps1'
[1.266s] INFO:colcon.colcon_core.shell:Creating package descriptor '/home/aidan/ros_ws/install/ana/share/ana/package.dsv'
[1.268s] INFO:colcon.colcon_core.shell:Creating package script '/home/aidan/ros_ws/install/ana/share/ana/package.sh'
[1.269s] INFO:colcon.colcon_core.shell:Creating package script '/home/aidan/ros_ws/install/ana/share/ana/package.bash'
[1.270s] INFO:colcon.colcon_core.shell:Creating package script '/home/aidan/ros_ws/install/ana/share/ana/package.zsh'
[1.271s] Level 1:colcon.colcon_core.environment:create_file_with_runtime_dependencies(/home/aidan/ros_ws/install/ana/share/colcon-core/packages/ana)
[1.272s] DEBUG:colcon.colcon_parallel_executor.executor.parallel:closing loop
[1.273s] DEBUG:colcon.colcon_parallel_executor.executor.parallel:loop closed
[1.273s] DEBUG:colcon.colcon_parallel_executor.executor.parallel:run_until_complete finished with '0'
[1.273s] DEBUG:colcon.colcon_core.event_reactor:joining thread
[1.292s] INFO:colcon.colcon_core.plugin_system:Skipping extension 'colcon_notification.desktop_notification.terminal_notifier': Not used on non-Darwin systems
[1.293s] INFO:colcon.colcon_core.plugin_system:Skipping extension 'colcon_notification.desktop_notification.win32': Not used on non-Windows systems
[1.293s] INFO:colcon.colcon_notification.desktop_notification:Sending desktop notification using 'notify2'
[1.338s] DEBUG:colcon.colcon_core.event_reactor:joined thread
[1.339s] INFO:colcon.colcon_core.shell:Creating prefix script '/home/aidan/ros_ws/install/local_setup.ps1'
[1.342s] INFO:colcon.colcon_core.shell:Creating prefix util module '/home/aidan/ros_ws/install/_local_setup_util_ps1.py'
[1.346s] INFO:colcon.colcon_core.shell:Creating prefix chain script '/home/aidan/ros_ws/install/setup.ps1'
[1.349s] INFO:colcon.colcon_core.shell:Creating prefix script '/home/aidan/ros_ws/install/local_setup.sh'
[1.350s] INFO:colcon.colcon_core.shell:Creating prefix util module '/home/aidan/ros_ws/install/_local_setup_util_sh.py'
[1.352s] INFO:colcon.colcon_core.shell:Creating prefix chain script '/home/aidan/ros_ws/install/setup.sh'
[1.355s] INFO:colcon.colcon_core.shell:Creating prefix script '/home/aidan/ros_ws/install/local_setup.bash'
[1.356s] INFO:colcon.colcon_core.shell:Creating prefix chain script '/home/aidan/ros_ws/install/setup.bash'
[1.359s] INFO:colcon.colcon_core.shell:Creating prefix script '/home/aidan/ros_ws/install/local_setup.zsh'
[1.361s] INFO:colcon.colcon_core.shell:Creating prefix chain script '/home/aidan/ros_ws/install/setup.zsh'
