[100%] Built target controller_node
-- Install configuration: ""
-- Up-to-date: /home/aidan/ros_ws/install/ana_1_1/lib/ana_1_1/controller_node
-- Up-to-date: /home/aidan/ros_ws/install/ana_1_1/share/ana_1_1//meshes
-- Up-to-date: /home/aidan/ros_ws/install/ana_1_1/share/ana_1_1//meshes/ana_chassis.stl
-- Up-to-date: /home/aidan/ros_ws/install/ana_1_1/share/ana_1_1//meshes/d435i.stl
-- Up-to-date: /home/aidan/ros_ws/install/ana_1_1/share/ana_1_1//worlds
-- Up-to-date: /home/aidan/ros_ws/install/ana_1_1/share/ana_1_1//worlds/ana_robot_world.sdf
-- Up-to-date: /home/aidan/ros_ws/install/ana_1_1/share/ana_1_1//worlds/ana_robot_world_original.sdf
-- Up-to-date: /home/aidan/ros_ws/install/ana_1_1/share/ana_1_1//launch
-- Up-to-date: /home/aidan/ros_ws/install/ana_1_1/share/ana_1_1//description
-- Up-to-date: /home/aidan/ros_ws/install/ana_1_1/share/ana_1_1//description/robot_core.urdf
-- Up-to-date: /home/aidan/ros_ws/install/ana_1_1/share/ana_1_1//description/depth_camera.xacro
-- Up-to-date: /home/aidan/ros_ws/install/ana_1_1/share/ana_1_1//description/robot.urdf.xacro
-- Up-to-date: /home/aidan/ros_ws/install/ana_1_1/share/ana_1_1//config
-- Up-to-date: /home/aidan/ros_ws/install/ana_1_1/share/ana_1_1//config/robot_visualization.rviz
-- Up-to-date: /home/aidan/ros_ws/install/ana_1_1/share/ana_1_1//config/empty.rviz
-- Up-to-date: /home/aidan/ros_ws/install/ana_1_1/share/ana_1_1//config/ana.rviz
-- Up-to-date: /home/aidan/ros_ws/install/ana_1_1/share/ana_1_1/launch
-- Up-to-date: /home/aidan/ros_ws/install/ana_1_1/share/ana_1_1/launch/robot_simulation.launch.py
-- Up-to-date: /home/aidan/ros_ws/install/ana_1_1/share/ament_index/resource_index/package_run_dependencies/ana_1_1
-- Up-to-date: /home/aidan/ros_ws/install/ana_1_1/share/ament_index/resource_index/parent_prefix_path/ana_1_1
-- Up-to-date: /home/aidan/ros_ws/install/ana_1_1/share/ana_1_1/environment/ament_prefix_path.sh
-- Up-to-date: /home/aidan/ros_ws/install/ana_1_1/share/ana_1_1/environment/ament_prefix_path.dsv
-- Up-to-date: /home/aidan/ros_ws/install/ana_1_1/share/ana_1_1/environment/path.sh
-- Up-to-date: /home/aidan/ros_ws/install/ana_1_1/share/ana_1_1/environment/path.dsv
-- Up-to-date: /home/aidan/ros_ws/install/ana_1_1/share/ana_1_1/local_setup.bash
-- Up-to-date: /home/aidan/ros_ws/install/ana_1_1/share/ana_1_1/local_setup.sh
-- Up-to-date: /home/aidan/ros_ws/install/ana_1_1/share/ana_1_1/local_setup.zsh
-- Up-to-date: /home/aidan/ros_ws/install/ana_1_1/share/ana_1_1/local_setup.dsv
-- Installing: /home/aidan/ros_ws/install/ana_1_1/share/ana_1_1/package.dsv
-- Up-to-date: /home/aidan/ros_ws/install/ana_1_1/share/ament_index/resource_index/packages/ana_1_1
-- Up-to-date: /home/aidan/ros_ws/install/ana_1_1/share/ana_1_1/cmake/ana_1_1Config.cmake
-- Up-to-date: /home/aidan/ros_ws/install/ana_1_1/share/ana_1_1/cmake/ana_1_1Config-version.cmake
-- Up-to-date: /home/aidan/ros_ws/install/ana_1_1/share/ana_1_1/package.xml
