[100%] Built target pid_node
-- Install configuration: ""
-- Up-to-date: /home/aidan/ros_ws/install/ana/lib/ana/pid_node
-- Up-to-date: /home/aidan/ros_ws/install/ana/share/ana/config
-- Up-to-date: /home/aidan/ros_ws/install/ana/share/ana/config/simulation_depth.rviz
-- Up-to-date: /home/aidan/ros_ws/install/ana/share/ana/config/gazebo_params.yaml
-- Up-to-date: /home/aidan/ros_ws/install/ana/share/ana/config/my_controllers.yaml
-- Up-to-date: /home/aidan/ros_ws/install/ana/share/ana/config/ana.rviz
-- Up-to-date: /home/aidan/ros_ws/install/ana/share/ana/config/diff_drive_bot.rviz
-- Up-to-date: /home/aidan/ros_ws/install/ana/share/ana/description
-- Up-to-date: /home/aidan/ros_ws/install/ana/share/ana/description/inertial_macros.xacro
-- Up-to-date: /home/aidan/ros_ws/install/ana/share/ana/description/depth_camera.sdf
-- Up-to-date: /home/aidan/ros_ws/install/ana/share/ana/description/robot_core.urdf
-- Up-to-date: /home/aidan/ros_ws/install/ana/share/ana/description/gazebo_diff_control.xacro
-- Up-to-date: /home/aidan/ros_ws/install/ana/share/ana/description/camera.xacro
-- Up-to-date: /home/aidan/ros_ws/install/ana/share/ana/description/depth_camera.urdf
-- Up-to-date: /home/aidan/ros_ws/install/ana/share/ana/description/depth_camera.xacro
-- Up-to-date: /home/aidan/ros_ws/install/ana/share/ana/description/robot_core.xacro
-- Up-to-date: /home/aidan/ros_ws/install/ana/share/ana/description/robot.urdf.xacro
-- Up-to-date: /home/aidan/ros_ws/install/ana/share/ana/description/robot_core.sdf
-- Up-to-date: /home/aidan/ros_ws/install/ana/share/ana/description/ros2_diff_control.xacro
-- Up-to-date: /home/aidan/ros_ws/install/ana/share/ana/launch
-- Installing: /home/aidan/ros_ws/install/ana/share/ana/launch/launch_sim.launch.py
-- Up-to-date: /home/aidan/ros_ws/install/ana/share/ana/launch/gz_sim_empty.launch.py
-- Up-to-date: /home/aidan/ros_ws/install/ana/share/ana/launch/rsp.launch.py
-- Up-to-date: /home/aidan/ros_ws/install/ana/share/ana/meshes
-- Up-to-date: /home/aidan/ros_ws/install/ana/share/ana/meshes/ana_chassis.stl
-- Up-to-date: /home/aidan/ros_ws/install/ana/share/ana/meshes/d435i.stl
-- Up-to-date: /home/aidan/ros_ws/install/ana/share/ana/worlds
-- Up-to-date: /home/aidan/ros_ws/install/ana/share/ana/worlds/empty.sdf
-- Up-to-date: /home/aidan/ros_ws/install/ana/share/ana/worlds/default_world.sdf
-- Up-to-date: /home/aidan/ros_ws/install/ana/share/ana/worlds/obstacles.world
-- Up-to-date: /home/aidan/ros_ws/install/ana/share/ament_index/resource_index/package_run_dependencies/ana
-- Up-to-date: /home/aidan/ros_ws/install/ana/share/ament_index/resource_index/parent_prefix_path/ana
-- Up-to-date: /home/aidan/ros_ws/install/ana/share/ana/environment/ament_prefix_path.sh
-- Up-to-date: /home/aidan/ros_ws/install/ana/share/ana/environment/ament_prefix_path.dsv
-- Up-to-date: /home/aidan/ros_ws/install/ana/share/ana/environment/path.sh
-- Up-to-date: /home/aidan/ros_ws/install/ana/share/ana/environment/path.dsv
-- Up-to-date: /home/aidan/ros_ws/install/ana/share/ana/local_setup.bash
-- Up-to-date: /home/aidan/ros_ws/install/ana/share/ana/local_setup.sh
-- Up-to-date: /home/aidan/ros_ws/install/ana/share/ana/local_setup.zsh
-- Up-to-date: /home/aidan/ros_ws/install/ana/share/ana/local_setup.dsv
-- Installing: /home/aidan/ros_ws/install/ana/share/ana/package.dsv
-- Up-to-date: /home/aidan/ros_ws/install/ana/share/ament_index/resource_index/packages/ana
-- Up-to-date: /home/aidan/ros_ws/install/ana/share/ana/cmake/anaConfig.cmake
-- Up-to-date: /home/aidan/ros_ws/install/ana/share/ana/cmake/anaConfig-version.cmake
-- Up-to-date: /home/aidan/ros_ws/install/ana/share/ana/package.xml
