[0.027s] Invoking command in '/home/aidan/ros_ws/build/ana_1_1': CMAKE_PREFIX_PATH=${CMAKE_PREFIX_PATH}:/opt/ros/humble /usr/bin/cmake --build /home/aidan/ros_ws/build/ana_1_1 -- -j6 -l6
[0.137s] [100%] Built target controller_node
[0.167s] Invoked command in '/home/aidan/ros_ws/build/ana_1_1' returned '0': CMAKE_PREFIX_PATH=${CMAKE_PREFIX_PATH}:/opt/ros/humble /usr/bin/cmake --build /home/aidan/ros_ws/build/ana_1_1 -- -j6 -l6
[0.232s] Invoking command in '/home/aidan/ros_ws/build/ana_1_1': CMAKE_PREFIX_PATH=${CMAKE_PREFIX_PATH}:/opt/ros/humble /usr/bin/cmake --install /home/aidan/ros_ws/build/ana_1_1
[0.248s] -- Install configuration: ""
[0.249s] -- Up-to-date: /home/aidan/ros_ws/install/ana_1_1/lib/ana_1_1/controller_node
[0.249s] -- Up-to-date: /home/aidan/ros_ws/install/ana_1_1/share/ana_1_1//meshes
[0.250s] -- Up-to-date: /home/aidan/ros_ws/install/ana_1_1/share/ana_1_1//meshes/ana_chassis.stl
[0.250s] -- Up-to-date: /home/aidan/ros_ws/install/ana_1_1/share/ana_1_1//meshes/d435i.stl
[0.250s] -- Up-to-date: /home/aidan/ros_ws/install/ana_1_1/share/ana_1_1//worlds
[0.250s] -- Installing: /home/aidan/ros_ws/install/ana_1_1/share/ana_1_1//worlds/ana_robot_world.sdf
[0.251s] -- Up-to-date: /home/aidan/ros_ws/install/ana_1_1/share/ana_1_1//launch
[0.251s] -- Up-to-date: /home/aidan/ros_ws/install/ana_1_1/share/ana_1_1//description
[0.251s] -- Up-to-date: /home/aidan/ros_ws/install/ana_1_1/share/ana_1_1//description/robot_core.urdf
[0.251s] -- Up-to-date: /home/aidan/ros_ws/install/ana_1_1/share/ana_1_1//description/depth_camera.xacro
[0.252s] -- Up-to-date: /home/aidan/ros_ws/install/ana_1_1/share/ana_1_1//description/robot.urdf.xacro
[0.252s] -- Up-to-date: /home/aidan/ros_ws/install/ana_1_1/share/ana_1_1//config
[0.252s] -- Up-to-date: /home/aidan/ros_ws/install/ana_1_1/share/ana_1_1//config/robot_visualization.rviz
[0.252s] -- Up-to-date: /home/aidan/ros_ws/install/ana_1_1/share/ana_1_1//config/empty.rviz
[0.252s] -- Up-to-date: /home/aidan/ros_ws/install/ana_1_1/share/ana_1_1//config/ana.rviz
[0.253s] -- Up-to-date: /home/aidan/ros_ws/install/ana_1_1/share/ana_1_1/launch
[0.253s] -- Up-to-date: /home/aidan/ros_ws/install/ana_1_1/share/ana_1_1/launch/robot_simulation.launch.py
[0.253s] -- Up-to-date: /home/aidan/ros_ws/install/ana_1_1/share/ament_index/resource_index/package_run_dependencies/ana_1_1
[0.253s] -- Up-to-date: /home/aidan/ros_ws/install/ana_1_1/share/ament_index/resource_index/parent_prefix_path/ana_1_1
[0.254s] -- Up-to-date: /home/aidan/ros_ws/install/ana_1_1/share/ana_1_1/environment/ament_prefix_path.sh
[0.255s] -- Up-to-date: /home/aidan/ros_ws/install/ana_1_1/share/ana_1_1/environment/ament_prefix_path.dsv
[0.255s] -- Up-to-date: /home/aidan/ros_ws/install/ana_1_1/share/ana_1_1/environment/path.sh
[0.256s] -- Up-to-date: /home/aidan/ros_ws/install/ana_1_1/share/ana_1_1/environment/path.dsv
[0.257s] -- Up-to-date: /home/aidan/ros_ws/install/ana_1_1/share/ana_1_1/local_setup.bash
[0.258s] -- Up-to-date: /home/aidan/ros_ws/install/ana_1_1/share/ana_1_1/local_setup.sh
[0.258s] -- Up-to-date: /home/aidan/ros_ws/install/ana_1_1/share/ana_1_1/local_setup.zsh
[0.258s] -- Up-to-date: /home/aidan/ros_ws/install/ana_1_1/share/ana_1_1/local_setup.dsv
[0.258s] -- Installing: /home/aidan/ros_ws/install/ana_1_1/share/ana_1_1/package.dsv
[0.259s] -- Up-to-date: /home/aidan/ros_ws/install/ana_1_1/share/ament_index/resource_index/packages/ana_1_1
[0.259s] -- Up-to-date: /home/aidan/ros_ws/install/ana_1_1/share/ana_1_1/cmake/ana_1_1Config.cmake
[0.259s] -- Up-to-date: /home/aidan/ros_ws/install/ana_1_1/share/ana_1_1/cmake/ana_1_1Config-version.cmake
[0.260s] -- Up-to-date: /home/aidan/ros_ws/install/ana_1_1/share/ana_1_1/package.xml
[0.280s] Invoked command in '/home/aidan/ros_ws/build/ana_1_1' returned '0': CMAKE_PREFIX_PATH=${CMAKE_PREFIX_PATH}:/opt/ros/humble /usr/bin/cmake --install /home/aidan/ros_ws/build/ana_1_1
